"Create URL group 0xFE00000820000005. Status 0x0. Process Id 0x18B0 Executable path \Device\HarddiskVolume3\Windows\System32\svchost.exe, User S-1-5-19","111","0",,"4","5","125","4611686018427387968","89368","Microsoft-Windows-HttpService","dd5ef90a-6398-47a4-ad34-4dcecdef795f","System","6320","7188","Mays_Family","S-1-5-19","5/25/2024 8:14:22 PM",,,"System","System.UInt32[]","System.Diagnostics.Eventing.Reader.EventBookmark","Information","CreateUrlGroup","HTTP Configuration Property Trace Task","System.Collections.ObjectModel.ReadOnlyCollection`1[System.String]","System.Collections.Generic.List`1[System.Diagnostics.Eventing.Reader.EventProperty]"
"Create URL group 0xFE00000820000004. Status 0x0. Process Id 0x18B0 Executable path \Device\HarddiskVolume3\Windows\System32\svchost.exe, User S-1-5-19","111","0",,"4","5","125","4611686018427387968","89359","Microsoft-Windows-HttpService","dd5ef90a-6398-47a4-ad34-4dcecdef795f","System","6320","7188","Mays_Family","S-1-5-19","5/25/2024 8:14:00 PM",,,"System","System.UInt32[]","System.Diagnostics.Eventing.Reader.EventBookmark","Information","CreateUrlGroup","HTTP Configuration Property Trace Task","System.Collections.ObjectModel.ReadOnlyCollection`1[System.String]","System.Collections.Generic.List`1[System.Diagnostics.Eventing.Reader.EventProperty]"
"Create URL group 0xFE00000920000003. Status 0x0. Process Id 0x18B0 Executable path \Device\HarddiskVolume3\Windows\System32\svchost.exe, User S-1-5-19","111","0",,"4","5","125","4611686018427387968","89324","Microsoft-Windows-HttpService","dd5ef90a-6398-47a4-ad34-4dcecdef795f","System","6320","7188","Mays_Family","S-1-5-19","5/25/2024 10:13:41 AM",,,"System","System.UInt32[]","System.Diagnostics.Eventing.Reader.EventBookmark","Information","CreateUrlGroup","HTTP Configuration Property Trace Task","System.Collections.ObjectModel.ReadOnlyCollection`1[System.String]","System.Collections.Generic.List`1[System.Diagnostics.Eventing.Reader.EventProperty]"
"Create URL group 0xFE00000120000003. Status 0x0. Process Id 0x18B0 Executable path \Device\HarddiskVolume3\Windows\System32\svchost.exe, User S-1-5-19","111","0",,"4","5","125","4611686018427387968","89312","Microsoft-Windows-HttpService","dd5ef90a-6398-47a4-ad34-4dcecdef795f","System","6320","7188","Mays_Family","S-1-5-19","5/25/2024 10:11:21 AM",,,"System","System.UInt32[]","System.Diagnostics.Eventing.Reader.EventBookmark","Information","CreateUrlGroup","HTTP Configuration Property Trace Task","System.Collections.ObjectModel.ReadOnlyCollection`1[System.String]","System.Collections.Generic.List`1[System.Diagnostics.Eventing.Reader.EventProperty]"
"Create URL group 0xFE00000220000005. Status 0x0. Process Id 0x18B0 Executable path \Device\HarddiskVolume3\Windows\System32\svchost.exe, User S-1-5-19","111","0",,"4","5","125","4611686018427387968","89308","Microsoft-Windows-HttpService","dd5ef90a-6398-47a4-ad34-4dcecdef795f","System","6320","7188","Mays_Family","S-1-5-19","5/25/2024 10:11:20 AM",,,"System","System.UInt32[]","System.Diagnostics.Eventing.Reader.EventBookmark","Information","CreateUrlGroup","HTTP Configuration Property Trace Task","System.Collections.ObjectModel.ReadOnlyCollection`1[System.String]","System.Collections.Generic.List`1[System.Diagnostics.Eventing.Reader.EventProperty]"
"Create URL group 0xFE00000620000003. Status 0x0. Process Id 0x18B0 Executable path \Device\HarddiskVolume3\Windows\System32\svchost.exe, User S-1-5-19","111","0",,"4","5","125","4611686018427387968","89255","Microsoft-Windows-HttpService","dd5ef90a-6398-47a4-ad34-4dcecdef795f","System","6320","7188","Mays_Family","S-1-5-19","5/25/2024 9:25:10 AM",,,"System","System.UInt32[]","System.Diagnostics.Eventing.Reader.EventBookmark","Information","CreateUrlGroup","HTTP Configuration Property Trace Task","System.Collections.ObjectModel.ReadOnlyCollection`1[System.String]","System.Collections.Generic.List`1[System.Diagnostics.Eventing.Reader.EventProperty]"
"Create URL group 0xFF00000920000003. Status 0x0. Process Id 0x18B0 Executable path \Device\HarddiskVolume3\Windows\System32\svchost.exe, User S-1-5-19","111","0",,"4","5","125","4611686018427387968","89247","Microsoft-Windows-HttpService","dd5ef90a-6398-47a4-ad34-4dcecdef795f","System","6320","7188","Mays_Family",,"5/25/2024 9:24:45 AM",,,"System","System.UInt32[]","System.Diagnostics.Eventing.Reader.EventBookmark","Information","CreateUrlGroup","HTTP Configuration Property Trace Task","System.Collections.ObjectModel.ReadOnlyCollection`1[System.String]","System.Collections.Generic.List`1[System.Diagnostics.Eventing.Reader.EventProperty]"
"Create URL group 0xFE00000820000003. Status 0x0. Process Id 0x18B0 Executable path \Device\HarddiskVolume3\Windows\System32\svchost.exe, User S-1-5-19","111","0",,"4","5","125","4611686018427387968","89243","Microsoft-Windows-HttpService","dd5ef90a-6398-47a4-ad34-4dcecdef795f","System","6320","7188","Mays_Family",,"5/25/2024 9:24:45 AM",,,"System","System.UInt32[]","System.Diagnostics.Eventing.Reader.EventBookmark","Information","CreateUrlGroup","HTTP Configuration Property Trace Task","System.Collections.ObjectModel.ReadOnlyCollection`1[System.String]","System.Collections.Generic.List`1[System.Diagnostics.Eventing.Reader.EventProperty]"
"Create URL group 0xFE00000A20000004. Status 0x0. Process Id 0x18B0 Executable path \Device\HarddiskVolume3\Windows\System32\svchost.exe, User S-1-5-19","111","0",,"4","5","125","4611686018427387968","89239","Microsoft-Windows-HttpService","dd5ef90a-6398-47a4-ad34-4dcecdef795f","System","6320","7188","Mays_Family",,"5/25/2024 9:24:45 AM",,,"System","System.UInt32[]","System.Diagnostics.Eventing.Reader.EventBookmark","Information","CreateUrlGroup","HTTP Configuration Property Trace Task","System.Collections.ObjectModel.ReadOnlyCollection`1[System.String]","System.Collections.Generic.List`1[System.Diagnostics.Eventing.Reader.EventProperty]"
"Create URL group 0xFE00000A20000003. Status 0x0. Process Id 0x18B0 Executable path \Device\HarddiskVolume3\Windows\System32\svchost.exe, User S-1-5-19","111","0",,"4","5","125","4611686018427387968","89227","Microsoft-Windows-HttpService","dd5ef90a-6398-47a4-ad34-4dcecdef795f","System","6320","7188","Mays_Family",,"5/25/2024 9:24:45 AM",,,"System","System.UInt32[]","System.Diagnostics.Eventing.Reader.EventBookmark","Information","CreateUrlGroup","HTTP Configuration Property Trace Task","System.Collections.ObjectModel.ReadOnlyCollection`1[System.String]","System.Collections.Generic.List`1[System.Diagnostics.Eventing.Reader.EventProperty]"
"Create URL group 0xFE00000A20000002. Status 0x0. Process Id 0x18B0 Executable path \Device\HarddiskVolume3\Windows\System32\svchost.exe, User S-1-5-19","111","0",,"4","5","125","4611686018427387968","89219","Microsoft-Windows-HttpService","dd5ef90a-6398-47a4-ad34-4dcecdef795f","System","6320","7188","Mays_Family",,"5/25/2024 9:24:44 AM",,,"System","System.UInt32[]","System.Diagnostics.Eventing.Reader.EventBookmark","Information","CreateUrlGroup","HTTP Configuration Property Trace Task","System.Collections.ObjectModel.ReadOnlyCollection`1[System.String]","System.Collections.Generic.List`1[System.Diagnostics.Eventing.Reader.EventProperty]"
"Create URL group 0xFE00000220000004. Status 0x0. Process Id 0x18B0 Executable path \Device\HarddiskVolume3\Windows\System32\svchost.exe, User S-1-5-19","111","0",,"4","5","125","4611686018427387968","89193","Microsoft-Windows-HttpService","dd5ef90a-6398-47a4-ad34-4dcecdef795f","System","6320","7188","Mays_Family","S-1-5-19","5/23/2024 9:24:33 PM",,,"System","System.UInt32[]","System.Diagnostics.Eventing.Reader.EventBookmark","Information","CreateUrlGroup","HTTP Configuration Property Trace Task","System.Collections.ObjectModel.ReadOnlyCollection`1[System.String]","System.Collections.Generic.List`1[System.Diagnostics.Eventing.Reader.EventProperty]"
"Create URL group 0xFE00000320000004. Status 0x0. Process Id 0x18B0 Executable path \Device\HarddiskVolume3\Windows\System32\svchost.exe, User S-1-5-19","111","0",,"4","5","125","4611686018427387968","89189","Microsoft-Windows-HttpService","dd5ef90a-6398-47a4-ad34-4dcecdef795f","System","6320","7188","Mays_Family","S-1-5-19","5/23/2024 9:23:29 PM",,,"System","System.UInt32[]","System.Diagnostics.Eventing.Reader.EventBookmark","Information","CreateUrlGroup","HTTP Configuration Property Trace Task","System.Collections.ObjectModel.ReadOnlyCollection`1[System.String]","System.Collections.Generic.List`1[System.Diagnostics.Eventing.Reader.EventProperty]"
"Create URL group 0xFE00000220000003. Status 0x0. Process Id 0x18B0 Executable path \Device\HarddiskVolume3\Windows\System32\svchost.exe, User S-1-5-19","111","0",,"4","5","125","4611686018427387968","89185","Microsoft-Windows-HttpService","dd5ef90a-6398-47a4-ad34-4dcecdef795f","System","6320","7188","Mays_Family","S-1-5-19","5/23/2024 9:23:26 PM",,,"System","System.UInt32[]","System.Diagnostics.Eventing.Reader.EventBookmark","Information","CreateUrlGroup","HTTP Configuration Property Trace Task","System.Collections.ObjectModel.ReadOnlyCollection`1[System.String]","System.Collections.Generic.List`1[System.Diagnostics.Eventing.Reader.EventProperty]"
"Create URL group 0xFE00000220000002. Status 0x0. Process Id 0x18B0 Executable path \Device\HarddiskVolume3\Windows\System32\svchost.exe, User S-1-5-19","111","0",,"4","5","125","4611686018427387968","89181","Microsoft-Windows-HttpService","dd5ef90a-6398-47a4-ad34-4dcecdef795f","System","6320","7188","Mays_Family","S-1-5-19","5/23/2024 9:23:01 PM",,,"System","System.UInt32[]","System.Diagnostics.Eventing.Reader.EventBookmark","Information","CreateUrlGroup","HTTP Configuration Property Trace Task","System.Collections.ObjectModel.ReadOnlyCollection`1[System.String]","System.Collections.Generic.List`1[System.Diagnostics.Eventing.Reader.EventProperty]"
"Create URL group 0xFE00000020000006. Status 0x0. Process Id 0x18B0 Executable path \Device\HarddiskVolume3\Windows\System32\svchost.exe, User S-1-5-19","111","0",,"4","5","125","4611686018427387968","89177","Microsoft-Windows-HttpService","dd5ef90a-6398-47a4-ad34-4dcecdef795f","System","6320","7188","Mays_Family","S-1-5-19","5/23/2024 9:22:56 PM",,,"System","System.UInt32[]","System.Diagnostics.Eventing.Reader.EventBookmark","Information","CreateUrlGroup","HTTP Configuration Property Trace Task","System.Collections.ObjectModel.ReadOnlyCollection`1[System.String]","System.Collections.Generic.List`1[System.Diagnostics.Eventing.Reader.EventProperty]"
"Create URL group 0xFE00000620000002. Status 0x0. Process Id 0x18B0 Executable path \Device\HarddiskVolume3\Windows\System32\svchost.exe, User S-1-5-19","111","0",,"4","5","125","4611686018427387968","89171","Microsoft-Windows-HttpService","dd5ef90a-6398-47a4-ad34-4dcecdef795f","System","6320","7188","Mays_Family","S-1-5-19","5/23/2024 9:22:31 PM",,,"System","System.UInt32[]","System.Diagnostics.Eventing.Reader.EventBookmark","Information","CreateUrlGroup","HTTP Configuration Property Trace Task","System.Collections.ObjectModel.ReadOnlyCollection`1[System.String]","System.Collections.Generic.List`1[System.Diagnostics.Eventing.Reader.EventProperty]"
"Create URL group 0xFE00000020000005. Status 0x0. Process Id 0x18B0 Executable path \Device\HarddiskVolume3\Windows\System32\svchost.exe, User S-1-5-19","111","0",,"4","5","125","4611686018427387968","89162","Microsoft-Windows-HttpService","dd5ef90a-6398-47a4-ad34-4dcecdef795f","System","6320","7188","Mays_Family","S-1-5-19","5/23/2024 9:20:47 PM",,,"System","System.UInt32[]","System.Diagnostics.Eventing.Reader.EventBookmark","Information","CreateUrlGroup","HTTP Configuration Property Trace Task","System.Collections.ObjectModel.ReadOnlyCollection`1[System.String]","System.Collections.Generic.List`1[System.Diagnostics.Eventing.Reader.EventProperty]"
"Create URL group 0xFE00000820000002. Status 0x0. Process Id 0x18B0 Executable path \Device\HarddiskVolume3\Windows\System32\svchost.exe, User S-1-5-19","111","0",,"4","5","125","4611686018427387968","89158","Microsoft-Windows-HttpService","dd5ef90a-6398-47a4-ad34-4dcecdef795f","System","6320","7188","Mays_Family","S-1-5-19","5/23/2024 9:20:45 PM",,,"System","System.UInt32[]","System.Diagnostics.Eventing.Reader.EventBookmark","Information","CreateUrlGroup","HTTP Configuration Property Trace Task","System.Collections.ObjectModel.ReadOnlyCollection`1[System.String]","System.Collections.Generic.List`1[System.Diagnostics.Eventing.Reader.EventProperty]"
"Create URL group 0xFC00000020000001. Status 0x0. Process Id 0x18B0 Executable path \Device\HarddiskVolume3\Windows\System32\svchost.exe, User S-1-5-19","111","0",,"4","5","125","4611686018427387968","89142","Microsoft-Windows-HttpService","dd5ef90a-6398-47a4-ad34-4dcecdef795f","System","6320","7188","Mays_Family","S-1-5-19","5/23/2024 8:01:21 PM",,,"System","System.UInt32[]","System.Diagnostics.Eventing.Reader.EventBookmark","Information","CreateUrlGroup","HTTP Configuration Property Trace Task","System.Collections.ObjectModel.ReadOnlyCollection`1[System.String]","System.Collections.Generic.List`1[System.Diagnostics.Eventing.Reader.EventProperty]"
"Create URL group 0xFE00000020000004. Status 0x0. Process Id 0x1674 Executable path \Device\HarddiskVolume3\Windows\System32\spoolsv.exe, User S-1-5-18","111","0",,"4","5","125","4611686018427387968","89140","Microsoft-Windows-HttpService","dd5ef90a-6398-47a4-ad34-4dcecdef795f","System","5748","8128","Mays_Family","S-1-5-18","5/23/2024 8:01:20 PM",,,"System","System.UInt32[]","System.Diagnostics.Eventing.Reader.EventBookmark","Information","CreateUrlGroup","HTTP Configuration Property Trace Task","System.Collections.ObjectModel.ReadOnlyCollection`1[System.String]","System.Collections.Generic.List`1[System.Diagnostics.Eventing.Reader.EventProperty]"
"Create URL group 0xFE00000020000003. Status 0x0. Process Id 0x18B0 Executable path \Device\HarddiskVolume3\Windows\System32\svchost.exe, User S-1-5-19","111","0",,"4","5","125","4611686018427387968","89134","Microsoft-Windows-HttpService","dd5ef90a-6398-47a4-ad34-4dcecdef795f","System","6320","7188","Mays_Family","S-1-5-19","5/23/2024 8:00:20 PM",,,"System","System.UInt32[]","System.Diagnostics.Eventing.Reader.EventBookmark","Information","CreateUrlGroup","HTTP Configuration Property Trace Task","System.Collections.ObjectModel.ReadOnlyCollection`1[System.String]","System.Collections.Generic.List`1[System.Diagnostics.Eventing.Reader.EventProperty]"
"Create URL group 0xFE00000B20000005. Status 0x0. Process Id 0x1674 Executable path \Device\HarddiskVolume3\Windows\System32\spoolsv.exe, User S-1-5-18","111","0",,"4","5","125","4611686018427387968","89130","Microsoft-Windows-HttpService","dd5ef90a-6398-47a4-ad34-4dcecdef795f","System","5748","23324","Mays_Family","S-1-5-18","5/23/2024 8:00:20 PM",,,"System","System.UInt32[]","System.Diagnostics.Eventing.Reader.EventBookmark","Information","CreateUrlGroup","HTTP Configuration Property Trace Task","System.Collections.ObjectModel.ReadOnlyCollection`1[System.String]","System.Collections.Generic.List`1[System.Diagnostics.Eventing.Reader.EventProperty]"
"Create URL group 0xFE00000620000001. Status 0x0. Process Id 0x18B0 Executable path \Device\HarddiskVolume3\Windows\System32\svchost.exe, User S-1-5-19","111","0",,"4","5","125","4611686018427387968","89126","Microsoft-Windows-HttpService","dd5ef90a-6398-47a4-ad34-4dcecdef795f","System","6320","7188","Mays_Family","S-1-5-19","5/23/2024 8:00:19 PM",,,"System","System.UInt32[]","System.Diagnostics.Eventing.Reader.EventBookmark","Information","CreateUrlGroup","HTTP Configuration Property Trace Task","System.Collections.ObjectModel.ReadOnlyCollection`1[System.String]","System.Collections.Generic.List`1[System.Diagnostics.Eventing.Reader.EventProperty]"
"Create URL group 0xFE00000020000002. Status 0x0. Process Id 0x18B0 Executable path \Device\HarddiskVolume3\Windows\System32\svchost.exe, User S-1-5-19","111","0",,"4","5","125","4611686018427387968","89115","Microsoft-Windows-HttpService","dd5ef90a-6398-47a4-ad34-4dcecdef795f","System","6320","7188","Mays_Family","S-1-5-19","5/23/2024 7:25:20 PM",,,"System","System.UInt32[]","System.Diagnostics.Eventing.Reader.EventBookmark","Information","CreateUrlGroup","HTTP Configuration Property Trace Task","System.Collections.ObjectModel.ReadOnlyCollection`1[System.String]","System.Collections.Generic.List`1[System.Diagnostics.Eventing.Reader.EventProperty]"
"Create URL group 0xFE00000320000003. Status 0x0. Process Id 0x1674 Executable path \Device\HarddiskVolume3\Windows\System32\spoolsv.exe, User S-1-5-18","111","0",,"4","5","125","4611686018427387968","89113","Microsoft-Windows-HttpService","dd5ef90a-6398-47a4-ad34-4dcecdef795f","System","5748","10524","Mays_Family","S-1-5-18","5/23/2024 7:25:19 PM",,,"System","System.UInt32[]","System.Diagnostics.Eventing.Reader.EventBookmark","Information","CreateUrlGroup","HTTP Configuration Property Trace Task","System.Collections.ObjectModel.ReadOnlyCollection`1[System.String]","System.Collections.Generic.List`1[System.Diagnostics.Eventing.Reader.EventProperty]"
"Create URL group 0xFE00000920000002. Status 0x0. Process Id 0x18B0 Executable path \Device\HarddiskVolume3\Windows\System32\svchost.exe, User S-1-5-19","111","0",,"4","5","125","4611686018427387968","89109","Microsoft-Windows-HttpService","dd5ef90a-6398-47a4-ad34-4dcecdef795f","System","6320","7188","Mays_Family","S-1-5-19","5/23/2024 7:25:14 PM",,,"System","System.UInt32[]","System.Diagnostics.Eventing.Reader.EventBookmark","Information","CreateUrlGroup","HTTP Configuration Property Trace Task","System.Collections.ObjectModel.ReadOnlyCollection`1[System.String]","System.Collections.Generic.List`1[System.Diagnostics.Eventing.Reader.EventProperty]"
"Create URL group 0xFE00000B20000004. Status 0x0. Process Id 0x18B0 Executable path \Device\HarddiskVolume3\Windows\System32\svchost.exe, User S-1-5-19","111","0",,"4","5","125","4611686018427387968","89105","Microsoft-Windows-HttpService","dd5ef90a-6398-47a4-ad34-4dcecdef795f","System","6320","7188","Mays_Family","S-1-5-19","5/23/2024 7:25:14 PM",,,"System","System.UInt32[]","System.Diagnostics.Eventing.Reader.EventBookmark","Information","CreateUrlGroup","HTTP Configuration Property Trace Task","System.Collections.ObjectModel.ReadOnlyCollection`1[System.String]","System.Collections.Generic.List`1[System.Diagnostics.Eventing.Reader.EventProperty]"
"Create URL group 0xFE00000B20000003. Status 0x0. Process Id 0x18B0 Executable path \Device\HarddiskVolume3\Windows\System32\svchost.exe, User S-1-5-19","111","0",,"4","5","125","4611686018427387968","89099","Microsoft-Windows-HttpService","dd5ef90a-6398-47a4-ad34-4dcecdef795f","System","6320","7188","Mays_Family","S-1-5-19","5/23/2024 7:25:14 PM",,,"System","System.UInt32[]","System.Diagnostics.Eventing.Reader.EventBookmark","Information","CreateUrlGroup","HTTP Configuration Property Trace Task","System.Collections.ObjectModel.ReadOnlyCollection`1[System.String]","System.Collections.Generic.List`1[System.Diagnostics.Eventing.Reader.EventProperty]"
"Create URL group 0xFE00000920000001. Status 0x0. Process Id 0x18B0 Executable path \Device\HarddiskVolume3\Windows\System32\svchost.exe, User S-1-5-19","111","0",,"4","5","125","4611686018427387968","89095","Microsoft-Windows-HttpService","dd5ef90a-6398-47a4-ad34-4dcecdef795f","System","6320","7188","Mays_Family","S-1-5-19","5/23/2024 7:25:14 PM",,,"System","System.UInt32[]","System.Diagnostics.Eventing.Reader.EventBookmark","Information","CreateUrlGroup","HTTP Configuration Property Trace Task","System.Collections.ObjectModel.ReadOnlyCollection`1[System.String]","System.Collections.Generic.List`1[System.Diagnostics.Eventing.Reader.EventProperty]"
"Create URL group 0xFE00000B20000002. Status 0x0. Process Id 0x18B0 Executable path \Device\HarddiskVolume3\Windows\System32\svchost.exe, User S-1-5-19","111","0",,"4","5","125","4611686018427387968","89091","Microsoft-Windows-HttpService","dd5ef90a-6398-47a4-ad34-4dcecdef795f","System","6320","7188","Mays_Family","S-1-5-19","5/23/2024 7:25:14 PM",,,"System","System.UInt32[]","System.Diagnostics.Eventing.Reader.EventBookmark","Information","CreateUrlGroup","HTTP Configuration Property Trace Task","System.Collections.ObjectModel.ReadOnlyCollection`1[System.String]","System.Collections.Generic.List`1[System.Diagnostics.Eventing.Reader.EventProperty]"
"Create URL group 0xFC00000120000002. Status 0x0. Process Id 0x18B0 Executable path \Device\HarddiskVolume3\Windows\System32\svchost.exe, User S-1-5-19","111","0",,"4","5","125","4611686018427387968","89080","Microsoft-Windows-HttpService","dd5ef90a-6398-47a4-ad34-4dcecdef795f","System","6320","7188","Mays_Family","S-1-5-19","5/23/2024 7:13:13 PM",,,"System","System.UInt32[]","System.Diagnostics.Eventing.Reader.EventBookmark","Information","CreateUrlGroup","HTTP Configuration Property Trace Task","System.Collections.ObjectModel.ReadOnlyCollection`1[System.String]","System.Collections.Generic.List`1[System.Diagnostics.Eventing.Reader.EventProperty]"
"Create URL group 0xFC00000120000001. Status 0x0. Process Id 0x18B0 Executable path \Device\HarddiskVolume3\Windows\System32\svchost.exe, User S-1-5-19","111","0",,"4","5","125","4611686018427387968","89076","Microsoft-Windows-HttpService","dd5ef90a-6398-47a4-ad34-4dcecdef795f","System","6320","7188","Mays_Family","S-1-5-19","5/23/2024 7:13:12 PM",,,"System","System.UInt32[]","System.Diagnostics.Eventing.Reader.EventBookmark","Information","CreateUrlGroup","HTTP Configuration Property Trace Task","System.Collections.ObjectModel.ReadOnlyCollection`1[System.String]","System.Collections.Generic.List`1[System.Diagnostics.Eventing.Reader.EventProperty]"
"Create URL group 0xFE00000120000002. Status 0x0. Process Id 0x1674 Executable path \Device\HarddiskVolume3\Windows\System32\spoolsv.exe, User S-1-5-18","111","0",,"4","5","125","4611686018427387968","89072","Microsoft-Windows-HttpService","dd5ef90a-6398-47a4-ad34-4dcecdef795f","System","5748","13160","Mays_Family","S-1-5-18","5/23/2024 7:13:00 PM",,,"System","System.UInt32[]","System.Diagnostics.Eventing.Reader.EventBookmark","Information","CreateUrlGroup","HTTP Configuration Property Trace Task","System.Collections.ObjectModel.ReadOnlyCollection`1[System.String]","System.Collections.Generic.List`1[System.Diagnostics.Eventing.Reader.EventProperty]"
"Create URL group 0xFE00000A20000001. Status 0x0. Process Id 0x18B0 Executable path \Device\HarddiskVolume3\Windows\System32\svchost.exe, User S-1-5-19","111","0",,"4","5","125","4611686018427387968","89068","Microsoft-Windows-HttpService","dd5ef90a-6398-47a4-ad34-4dcecdef795f","System","6320","7188","Mays_Family","S-1-5-19","5/23/2024 7:12:49 PM",,,"System","System.UInt32[]","System.Diagnostics.Eventing.Reader.EventBookmark","Information","CreateUrlGroup","HTTP Configuration Property Trace Task","System.Collections.ObjectModel.ReadOnlyCollection`1[System.String]","System.Collections.Generic.List`1[System.Diagnostics.Eventing.Reader.EventProperty]"
"Create URL group 0xFE00000120000001. Status 0x0. Process Id 0x18B0 Executable path \Device\HarddiskVolume3\Windows\System32\svchost.exe, User S-1-5-19","111","0",,"4","5","125","4611686018427387968","89063","Microsoft-Windows-HttpService","dd5ef90a-6398-47a4-ad34-4dcecdef795f","System","6320","7188","Mays_Family","S-1-5-19","5/23/2024 7:08:33 PM",,,"System","System.UInt32[]","System.Diagnostics.Eventing.Reader.EventBookmark","Information","CreateUrlGroup","HTTP Configuration Property Trace Task","System.Collections.ObjectModel.ReadOnlyCollection`1[System.String]","System.Collections.Generic.List`1[System.Diagnostics.Eventing.Reader.EventProperty]"
"Create URL group 0xFE00000420000002. Status 0x0. Process Id 0x1674 Executable path \Device\HarddiskVolume3\Windows\System32\spoolsv.exe, User S-1-5-18","111","0",,"4","5","125","4611686018427387968","89057","Microsoft-Windows-HttpService","dd5ef90a-6398-47a4-ad34-4dcecdef795f","System","5748","13160","Mays_Family","S-1-5-18","5/23/2024 7:08:10 PM",,,"System","System.UInt32[]","System.Diagnostics.Eventing.Reader.EventBookmark","Information","CreateUrlGroup","HTTP Configuration Property Trace Task","System.Collections.ObjectModel.ReadOnlyCollection`1[System.String]","System.Collections.Generic.List`1[System.Diagnostics.Eventing.Reader.EventProperty]"
"Create URL group 0xFE00000420000001. Status 0x0. Process Id 0x1674 Executable path \Device\HarddiskVolume3\Windows\System32\spoolsv.exe, User S-1-5-18","111","0",,"4","5","125","4611686018427387968","89010","Microsoft-Windows-HttpService","dd5ef90a-6398-47a4-ad34-4dcecdef795f","System","5748","11464","Mays_Family","S-1-5-18","5/23/2024 6:00:52 PM",,,"System","System.UInt32[]","System.Diagnostics.Eventing.Reader.EventBookmark","Information","CreateUrlGroup","HTTP Configuration Property Trace Task","System.Collections.ObjectModel.ReadOnlyCollection`1[System.String]","System.Collections.Generic.List`1[System.Diagnostics.Eventing.Reader.EventProperty]"
"Create URL group 0xFE00000B20000001. Status 0x0. Process Id 0x18B0 Executable path \Device\HarddiskVolume3\Windows\System32\svchost.exe, User S-1-5-19","111","0",,"4","5","125","4611686018427387968","89004","Microsoft-Windows-HttpService","dd5ef90a-6398-47a4-ad34-4dcecdef795f","System","6320","7188","Mays_Family","S-1-5-19","5/23/2024 6:00:43 PM",,,"System","System.UInt32[]","System.Diagnostics.Eventing.Reader.EventBookmark","Information","CreateUrlGroup","HTTP Configuration Property Trace Task","System.Collections.ObjectModel.ReadOnlyCollection`1[System.String]","System.Collections.Generic.List`1[System.Diagnostics.Eventing.Reader.EventProperty]"
"Create URL group 0xFC00000820000001. Status 0x0. Process Id 0x1740 Executable path \Device\HarddiskVolume3\Windows\System32\svchost.exe, User S-1-5-19","111","0",,"4","5","125","4611686018427387968","88812","Microsoft-Windows-HttpService","dd5ef90a-6398-47a4-ad34-4dcecdef795f","System","5952","7128","Mays_Family","S-1-5-19","5/23/2024 5:38:26 PM",,,"System","System.UInt32[]","System.Diagnostics.Eventing.Reader.EventBookmark","Information","CreateUrlGroup","HTTP Configuration Property Trace Task","System.Collections.ObjectModel.ReadOnlyCollection`1[System.String]","System.Collections.Generic.List`1[System.Diagnostics.Eventing.Reader.EventProperty]"
"Create URL group 0xFE00000820000001. Status 0x0. Process Id 0x13A0 Executable path \Device\HarddiskVolume3\Windows\System32\spoolsv.exe, User S-1-5-18","111","0",,"4","5","125","4611686018427387968","88808","Microsoft-Windows-HttpService","dd5ef90a-6398-47a4-ad34-4dcecdef795f","System","5024","17656","Mays_Family","S-1-5-18","5/23/2024 5:38:26 PM",,,"System","System.UInt32[]","System.Diagnostics.Eventing.Reader.EventBookmark","Information","CreateUrlGroup","HTTP Configuration Property Trace Task","System.Collections.ObjectModel.ReadOnlyCollection`1[System.String]","System.Collections.Generic.List`1[System.Diagnostics.Eventing.Reader.EventProperty]"
"Create URL group 0xFE00000920000003. Status 0x0. Process Id 0x1740 Executable path \Device\HarddiskVolume3\Windows\System32\svchost.exe, User S-1-5-19","111","0",,"4","5","125","4611686018427387968","88803","Microsoft-Windows-HttpService","dd5ef90a-6398-47a4-ad34-4dcecdef795f","System","5952","7128","Mays_Family","S-1-5-19","5/23/2024 5:37:26 PM",,,"System","System.UInt32[]","System.Diagnostics.Eventing.Reader.EventBookmark","Information","CreateUrlGroup","HTTP Configuration Property Trace Task","System.Collections.ObjectModel.ReadOnlyCollection`1[System.String]","System.Collections.Generic.List`1[System.Diagnostics.Eventing.Reader.EventProperty]"
"Create URL group 0xFE00000920000002. Status 0x0. Process Id 0x1740 Executable path \Device\HarddiskVolume3\Windows\System32\svchost.exe, User S-1-5-19","111","0",,"4","5","125","4611686018427387968","88799","Microsoft-Windows-HttpService","dd5ef90a-6398-47a4-ad34-4dcecdef795f","System","5952","7128","Mays_Family","S-1-5-19","5/23/2024 5:37:25 PM",,,"System","System.UInt32[]","System.Diagnostics.Eventing.Reader.EventBookmark","Information","CreateUrlGroup","HTTP Configuration Property Trace Task","System.Collections.ObjectModel.ReadOnlyCollection`1[System.String]","System.Collections.Generic.List`1[System.Diagnostics.Eventing.Reader.EventProperty]"
"Create URL group 0xFE00000320000001. Status 0x0. Process Id 0x13A0 Executable path \Device\HarddiskVolume3\Windows\System32\spoolsv.exe, User S-1-5-18","111","0",,"4","5","125","4611686018427387968","88796","Microsoft-Windows-HttpService","dd5ef90a-6398-47a4-ad34-4dcecdef795f","System","5024","9976","Mays_Family","S-1-5-18","5/23/2024 5:37:04 PM",,,"System","System.UInt32[]","System.Diagnostics.Eventing.Reader.EventBookmark","Information","CreateUrlGroup","HTTP Configuration Property Trace Task","System.Collections.ObjectModel.ReadOnlyCollection`1[System.String]","System.Collections.Generic.List`1[System.Diagnostics.Eventing.Reader.EventProperty]"
"Create URL group 0xFE00000920000001. Status 0x0. Process Id 0x1740 Executable path \Device\HarddiskVolume3\Windows\System32\svchost.exe, User S-1-5-19","111","0",,"4","5","125","4611686018427387968","88749","Microsoft-Windows-HttpService","dd5ef90a-6398-47a4-ad34-4dcecdef795f","System","5952","7128","Mays_Family","S-1-5-19","5/23/2024 3:47:07 PM",,,"System","System.UInt32[]","System.Diagnostics.Eventing.Reader.EventBookmark","Information","CreateUrlGroup","HTTP Configuration Property Trace Task","System.Collections.ObjectModel.ReadOnlyCollection`1[System.String]","System.Collections.Generic.List`1[System.Diagnostics.Eventing.Reader.EventProperty]"
"Create URL group 0xFE00000A20000001. Status 0x0. Process Id 0x13A0 Executable path \Device\HarddiskVolume3\Windows\System32\spoolsv.exe, User S-1-5-18","111","0",,"4","5","125","4611686018427387968","88745","Microsoft-Windows-HttpService","dd5ef90a-6398-47a4-ad34-4dcecdef795f","System","5024","3340","Mays_Family","S-1-5-18","5/23/2024 3:47:07 PM",,,"System","System.UInt32[]","System.Diagnostics.Eventing.Reader.EventBookmark","Information","CreateUrlGroup","HTTP Configuration Property Trace Task","System.Collections.ObjectModel.ReadOnlyCollection`1[System.String]","System.Collections.Generic.List`1[System.Diagnostics.Eventing.Reader.EventProperty]"
"Create URL group 0xFE00000620000001. Status 0x0. Process Id 0x1740 Executable path \Device\HarddiskVolume3\Windows\System32\svchost.exe, User S-1-5-19","111","0",,"4","5","125","4611686018427387968","88738","Microsoft-Windows-HttpService","dd5ef90a-6398-47a4-ad34-4dcecdef795f","System","5952","7128","Mays_Family","S-1-5-19","5/23/2024 3:47:00 PM",,,"System","System.UInt32[]","System.Diagnostics.Eventing.Reader.EventBookmark","Information","CreateUrlGroup","HTTP Configuration Property Trace Task","System.Collections.ObjectModel.ReadOnlyCollection`1[System.String]","System.Collections.Generic.List`1[System.Diagnostics.Eventing.Reader.EventProperty]"
"Create URL group 0xFE00000520000001. Status 0x0. Process Id 0x13A0 Executable path \Device\HarddiskVolume3\Windows\System32\spoolsv.exe, User S-1-5-18","111","0",,"4","5","125","4611686018427387968","88732","Microsoft-Windows-HttpService","dd5ef90a-6398-47a4-ad34-4dcecdef795f","System","5024","5664","Mays_Family","S-1-5-18","5/23/2024 3:47:00 PM",,,"System","System.UInt32[]","System.Diagnostics.Eventing.Reader.EventBookmark","Information","CreateUrlGroup","HTTP Configuration Property Trace Task","System.Collections.ObjectModel.ReadOnlyCollection`1[System.String]","System.Collections.Generic.List`1[System.Diagnostics.Eventing.Reader.EventProperty]"
"Create URL group 0xFE00000420000001. Status 0x0. Process Id 0x1820 Executable path \Device\HarddiskVolume3\Windows\System32\spoolsv.exe, User S-1-5-18","111","0",,"4","5","125","4611686018427387968","88555","Microsoft-Windows-HttpService","dd5ef90a-6398-47a4-ad34-4dcecdef795f","System","6176","6216","Mays_Family","S-1-5-18","5/23/2024 3:36:06 PM",,,"System","System.UInt32[]","System.Diagnostics.Eventing.Reader.EventBookmark","Information","CreateUrlGroup","HTTP Configuration Property Trace Task","System.Collections.ObjectModel.ReadOnlyCollection`1[System.String]","System.Collections.Generic.List`1[System.Diagnostics.Eventing.Reader.EventProperty]"
"Create URL group 0xFE00000320000001. Status 0x0. Process Id 0x19C0 Executable path \Device\HarddiskVolume3\Windows\System32\svchost.exe, User S-1-5-19","111","0",,"4","5","125","4611686018427387968","88543","Microsoft-Windows-HttpService","dd5ef90a-6398-47a4-ad34-4dcecdef795f","System","6592","7200","Mays_Family","S-1-5-19","5/23/2024 3:35:56 PM",,,"System","System.UInt32[]","System.Diagnostics.Eventing.Reader.EventBookmark","Information","CreateUrlGroup","HTTP Configuration Property Trace Task","System.Collections.ObjectModel.ReadOnlyCollection`1[System.String]","System.Collections.Generic.List`1[System.Diagnostics.Eventing.Reader.EventProperty]"
"Create URL group 0xFE00000820000020. Status 0x0. Process Id 0x15CC Executable path \Device\HarddiskVolume3\Windows\System32\svchost.exe, User S-1-5-19","111","0",,"4","5","125","4611686018427387968","88373","Microsoft-Windows-HttpService","dd5ef90a-6398-47a4-ad34-4dcecdef795f","System","5580","6176","Mays_Family","S-1-5-19","5/23/2024 3:06:40 PM",,,"System","System.UInt32[]","System.Diagnostics.Eventing.Reader.EventBookmark","Information","CreateUrlGroup","HTTP Configuration Property Trace Task","System.Collections.ObjectModel.ReadOnlyCollection`1[System.String]","System.Collections.Generic.List`1[System.Diagnostics.Eventing.Reader.EventProperty]"
"Create URL group 0xFE00000B20000019. Status 0x0. Process Id 0x15CC Executable path \Device\HarddiskVolume3\Windows\System32\svchost.exe, User S-1-5-19","111","0",,"4","5","125","4611686018427387968","88364","Microsoft-Windows-HttpService","dd5ef90a-6398-47a4-ad34-4dcecdef795f","System","5580","6176","Mays_Family","S-1-5-19","5/23/2024 2:19:14 PM",,,"System","System.UInt32[]","System.Diagnostics.Eventing.Reader.EventBookmark","Information","CreateUrlGroup","HTTP Configuration Property Trace Task","System.Collections.ObjectModel.ReadOnlyCollection`1[System.String]","System.Collections.Generic.List`1[System.Diagnostics.Eventing.Reader.EventProperty]"
"Create URL group 0xFE00000720000011. Status 0x0. Process Id 0x15CC Executable path \Device\HarddiskVolume3\Windows\System32\svchost.exe, User S-1-5-19","111","0",,"4","5","125","4611686018427387968","88347","Microsoft-Windows-HttpService","dd5ef90a-6398-47a4-ad34-4dcecdef795f","System","5580","6176","Mays_Family","S-1-5-19","5/23/2024 12:00:30 PM",,,"System","System.UInt32[]","System.Diagnostics.Eventing.Reader.EventBookmark","Information","CreateUrlGroup","HTTP Configuration Property Trace Task","System.Collections.ObjectModel.ReadOnlyCollection`1[System.String]","System.Collections.Generic.List`1[System.Diagnostics.Eventing.Reader.EventProperty]"
"Create URL group 0xFE0000082000001E. Status 0x0. Process Id 0x15CC Executable path \Device\HarddiskVolume3\Windows\System32\svchost.exe, User S-1-5-19","111","0",,"4","5","125","4611686018427387968","88342","Microsoft-Windows-HttpService","dd5ef90a-6398-47a4-ad34-4dcecdef795f","System","5580","6176","Mays_Family","S-1-5-19","5/23/2024 11:59:29 AM",,,"System","System.UInt32[]","System.Diagnostics.Eventing.Reader.EventBookmark","Information","CreateUrlGroup","HTTP Configuration Property Trace Task","System.Collections.ObjectModel.ReadOnlyCollection`1[System.String]","System.Collections.Generic.List`1[System.Diagnostics.Eventing.Reader.EventProperty]"
"Create URL group 0xFC0000052000000F. Status 0x0. Process Id 0x15CC Executable path \Device\HarddiskVolume3\Windows\System32\svchost.exe, User S-1-5-19","111","0",,"4","5","125","4611686018427387968","88338","Microsoft-Windows-HttpService","dd5ef90a-6398-47a4-ad34-4dcecdef795f","System","5580","6176","Mays_Family","S-1-5-19","5/23/2024 11:59:07 AM",,,"System","System.UInt32[]","System.Diagnostics.Eventing.Reader.EventBookmark","Information","CreateUrlGroup","HTTP Configuration Property Trace Task","System.Collections.ObjectModel.ReadOnlyCollection`1[System.String]","System.Collections.Generic.List`1[System.Diagnostics.Eventing.Reader.EventProperty]"
"Create URL group 0xFE00000B20000018. Status 0x0. Process Id 0x15CC Executable path \Device\HarddiskVolume3\Windows\System32\svchost.exe, User S-1-5-19","111","0",,"4","5","125","4611686018427387968","88334","Microsoft-Windows-HttpService","dd5ef90a-6398-47a4-ad34-4dcecdef795f","System","5580","6176","Mays_Family","S-1-5-19","5/23/2024 11:59:06 AM",,,"System","System.UInt32[]","System.Diagnostics.Eventing.Reader.EventBookmark","Information","CreateUrlGroup","HTTP Configuration Property Trace Task","System.Collections.ObjectModel.ReadOnlyCollection`1[System.String]","System.Collections.Generic.List`1[System.Diagnostics.Eventing.Reader.EventProperty]"
"Create URL group 0xFE0000092000000B. Status 0x0. Process Id 0x15CC Executable path \Device\HarddiskVolume3\Windows\System32\svchost.exe, User S-1-5-19","111","0",,"4","5","125","4611686018427387968","88326","Microsoft-Windows-HttpService","dd5ef90a-6398-47a4-ad34-4dcecdef795f","System","5580","6176","Mays_Family","S-1-5-19","5/23/2024 11:58:43 AM",,,"System","System.UInt32[]","System.Diagnostics.Eventing.Reader.EventBookmark","Information","CreateUrlGroup","HTTP Configuration Property Trace Task","System.Collections.ObjectModel.ReadOnlyCollection`1[System.String]","System.Collections.Generic.List`1[System.Diagnostics.Eventing.Reader.EventProperty]"
"Create URL group 0xFE0000082000001D. Status 0x0. Process Id 0x15CC Executable path \Device\HarddiskVolume3\Windows\System32\svchost.exe, User S-1-5-19","111","0",,"4","5","125","4611686018427387968","88302","Microsoft-Windows-HttpService","dd5ef90a-6398-47a4-ad34-4dcecdef795f","System","5580","6176","Mays_Family","S-1-5-19","5/23/2024 9:20:49 AM",,,"System","System.UInt32[]","System.Diagnostics.Eventing.Reader.EventBookmark","Information","CreateUrlGroup","HTTP Configuration Property Trace Task","System.Collections.ObjectModel.ReadOnlyCollection`1[System.String]","System.Collections.Generic.List`1[System.Diagnostics.Eventing.Reader.EventProperty]"
"Create URL group 0xFE0000082000001C. Status 0x0. Process Id 0x15CC Executable path \Device\HarddiskVolume3\Windows\System32\svchost.exe, User S-1-5-19","111","0",,"4","5","125","4611686018427387968","88169","Microsoft-Windows-HttpService","dd5ef90a-6398-47a4-ad34-4dcecdef795f","System","5580","6176","Mays_Family","S-1-5-19","5/23/2024 8:06:39 AM",,,"System","System.UInt32[]","System.Diagnostics.Eventing.Reader.EventBookmark","Information","CreateUrlGroup","HTTP Configuration Property Trace Task","System.Collections.ObjectModel.ReadOnlyCollection`1[System.String]","System.Collections.Generic.List`1[System.Diagnostics.Eventing.Reader.EventProperty]"
"Create URL group 0xFE0000072000000F. Status 0x0. Process Id 0x15CC Executable path \Device\HarddiskVolume3\Windows\System32\svchost.exe, User S-1-5-19","111","0",,"4","5","125","4611686018427387968","88140","Microsoft-Windows-HttpService","dd5ef90a-6398-47a4-ad34-4dcecdef795f","System","5580","6176","Mays_Family","S-1-5-19","5/23/2024 8:00:47 AM",,,"System","System.UInt32[]","System.Diagnostics.Eventing.Reader.EventBookmark","Information","CreateUrlGroup","HTTP Configuration Property Trace Task","System.Collections.ObjectModel.ReadOnlyCollection`1[System.String]","System.Collections.Generic.List`1[System.Diagnostics.Eventing.Reader.EventProperty]"
"Create URL group 0xFE00000420000007. Status 0x0. Process Id 0x15CC Executable path \Device\HarddiskVolume3\Windows\System32\svchost.exe, User S-1-5-19","111","0",,"4","5","125","4611686018427387968","88136","Microsoft-Windows-HttpService","dd5ef90a-6398-47a4-ad34-4dcecdef795f","System","5580","6176","Mays_Family","S-1-5-19","5/23/2024 7:59:47 AM",,,"System","System.UInt32[]","System.Diagnostics.Eventing.Reader.EventBookmark","Information","CreateUrlGroup","HTTP Configuration Property Trace Task","System.Collections.ObjectModel.ReadOnlyCollection`1[System.String]","System.Collections.Generic.List`1[System.Diagnostics.Eventing.Reader.EventProperty]"
"Create URL group 0xFE0000072000000E. Status 0x0. Process Id 0x15CC Executable path \Device\HarddiskVolume3\Windows\System32\svchost.exe, User S-1-5-19","111","0",,"4","5","125","4611686018427387968","88132","Microsoft-Windows-HttpService","dd5ef90a-6398-47a4-ad34-4dcecdef795f","System","5580","6176","Mays_Family","S-1-5-19","5/23/2024 7:59:46 AM",,,"System","System.UInt32[]","System.Diagnostics.Eventing.Reader.EventBookmark","Information","CreateUrlGroup","HTTP Configuration Property Trace Task","System.Collections.ObjectModel.ReadOnlyCollection`1[System.String]","System.Collections.Generic.List`1[System.Diagnostics.Eventing.Reader.EventProperty]"
"Create URL group 0xFE0000092000000A. Status 0x0. Process Id 0x15CC Executable path \Device\HarddiskVolume3\Windows\System32\svchost.exe, User S-1-5-19","111","0",,"4","5","125","4611686018427387968","88118","Microsoft-Windows-HttpService","dd5ef90a-6398-47a4-ad34-4dcecdef795f","System","5580","6176","Mays_Family","S-1-5-19","5/23/2024 7:15:28 AM",,,"System","System.UInt32[]","System.Diagnostics.Eventing.Reader.EventBookmark","Information","CreateUrlGroup","HTTP Configuration Property Trace Task","System.Collections.ObjectModel.ReadOnlyCollection`1[System.String]","System.Collections.Generic.List`1[System.Diagnostics.Eventing.Reader.EventProperty]"
"Create URL group 0xFF0000082000001C. Status 0x0. Process Id 0x15CC Executable path \Device\HarddiskVolume3\Windows\System32\svchost.exe, User S-1-5-19","111","0",,"4","5","125","4611686018427387968","88114","Microsoft-Windows-HttpService","dd5ef90a-6398-47a4-ad34-4dcecdef795f","System","5580","6176","Mays_Family","S-1-5-19","5/23/2024 7:15:27 AM",,,"System","System.UInt32[]","System.Diagnostics.Eventing.Reader.EventBookmark","Information","CreateUrlGroup","HTTP Configuration Property Trace Task","System.Collections.ObjectModel.ReadOnlyCollection`1[System.String]","System.Collections.Generic.List`1[System.Diagnostics.Eventing.Reader.EventProperty]"
"Create URL group 0xFE00000B20000016. Status 0x0. Process Id 0x15CC Executable path \Device\HarddiskVolume3\Windows\System32\svchost.exe, User S-1-5-19","111","0",,"4","5","125","4611686018427387968","88110","Microsoft-Windows-HttpService","dd5ef90a-6398-47a4-ad34-4dcecdef795f","System","5580","6176","Mays_Family","S-1-5-19","5/23/2024 7:15:04 AM",,,"System","System.UInt32[]","System.Diagnostics.Eventing.Reader.EventBookmark","Information","CreateUrlGroup","HTTP Configuration Property Trace Task","System.Collections.ObjectModel.ReadOnlyCollection`1[System.String]","System.Collections.Generic.List`1[System.Diagnostics.Eventing.Reader.EventProperty]"
"Create URL group 0xFE00000120000008. Status 0x0. Process Id 0x15CC Executable path \Device\HarddiskVolume3\Windows\System32\svchost.exe, User S-1-5-19","111","0",,"4","5","125","4611686018427387968","88105","Microsoft-Windows-HttpService","dd5ef90a-6398-47a4-ad34-4dcecdef795f","System","5580","6176","Mays_Family","S-1-5-19","5/23/2024 7:14:57 AM",,,"System","System.UInt32[]","System.Diagnostics.Eventing.Reader.EventBookmark","Information","CreateUrlGroup","HTTP Configuration Property Trace Task","System.Collections.ObjectModel.ReadOnlyCollection`1[System.String]","System.Collections.Generic.List`1[System.Diagnostics.Eventing.Reader.EventProperty]"
"Create URL group 0xFE00000A2000001B. Status 0x0. Process Id 0x15CC Executable path \Device\HarddiskVolume3\Windows\System32\svchost.exe, User S-1-5-19","111","0",,"4","5","125","4611686018427387968","88101","Microsoft-Windows-HttpService","dd5ef90a-6398-47a4-ad34-4dcecdef795f","System","5580","6176","Mays_Family","S-1-5-19","5/23/2024 7:14:57 AM",,,"System","System.UInt32[]","System.Diagnostics.Eventing.Reader.EventBookmark","Information","CreateUrlGroup","HTTP Configuration Property Trace Task","System.Collections.ObjectModel.ReadOnlyCollection`1[System.String]","System.Collections.Generic.List`1[System.Diagnostics.Eventing.Reader.EventProperty]"
"Create URL group 0xFE0000082000001B. Status 0x0. Process Id 0x15CC Executable path \Device\HarddiskVolume3\Windows\System32\svchost.exe, User S-1-5-19","111","0",,"4","5","125","4611686018427387968","88097","Microsoft-Windows-HttpService","dd5ef90a-6398-47a4-ad34-4dcecdef795f","System","5580","6176","Mays_Family","S-1-5-19","5/23/2024 7:14:57 AM",,,"System","System.UInt32[]","System.Diagnostics.Eventing.Reader.EventBookmark","Information","CreateUrlGroup","HTTP Configuration Property Trace Task","System.Collections.ObjectModel.ReadOnlyCollection`1[System.String]","System.Collections.Generic.List`1[System.Diagnostics.Eventing.Reader.EventProperty]"
"Create URL group 0xFE00000B20000015. Status 0x0. Process Id 0x15CC Executable path \Device\HarddiskVolume3\Windows\System32\svchost.exe, User S-1-5-19","111","0",,"4","5","125","4611686018427387968","88093","Microsoft-Windows-HttpService","dd5ef90a-6398-47a4-ad34-4dcecdef795f","System","5580","6176","Mays_Family","S-1-5-19","5/23/2024 7:14:56 AM",,,"System","System.UInt32[]","System.Diagnostics.Eventing.Reader.EventBookmark","Information","CreateUrlGroup","HTTP Configuration Property Trace Task","System.Collections.ObjectModel.ReadOnlyCollection`1[System.String]","System.Collections.Generic.List`1[System.Diagnostics.Eventing.Reader.EventProperty]"
"Create URL group 0xFE0000082000001A. Status 0x0. Process Id 0x15CC Executable path \Device\HarddiskVolume3\Windows\System32\svchost.exe, User S-1-5-19","111","0",,"4","5","125","4611686018427387968","88088","Microsoft-Windows-HttpService","dd5ef90a-6398-47a4-ad34-4dcecdef795f","System","5580","6176","Mays_Family","S-1-5-19","5/23/2024 7:14:56 AM",,,"System","System.UInt32[]","System.Diagnostics.Eventing.Reader.EventBookmark","Information","CreateUrlGroup","HTTP Configuration Property Trace Task","System.Collections.ObjectModel.ReadOnlyCollection`1[System.String]","System.Collections.Generic.List`1[System.Diagnostics.Eventing.Reader.EventProperty]"
"Create URL group 0xFE00000820000019. Status 0x0. Process Id 0x15CC Executable path \Device\HarddiskVolume3\Windows\System32\svchost.exe, User S-1-5-19","111","0",,"4","5","125","4611686018427387968","88024","Microsoft-Windows-HttpService","dd5ef90a-6398-47a4-ad34-4dcecdef795f","System","5580","6176","Mays_Family","S-1-5-19","5/22/2024 6:44:18 AM",,,"System","System.UInt32[]","System.Diagnostics.Eventing.Reader.EventBookmark","Information","CreateUrlGroup","HTTP Configuration Property Trace Task","System.Collections.ObjectModel.ReadOnlyCollection`1[System.String]","System.Collections.Generic.List`1[System.Diagnostics.Eventing.Reader.EventProperty]"
"Create URL group 0xFE0000022000000F. Status 0x0. Process Id 0x15CC Executable path \Device\HarddiskVolume3\Windows\System32\svchost.exe, User S-1-5-19","111","0",,"4","5","125","4611686018427387968","88020","Microsoft-Windows-HttpService","dd5ef90a-6398-47a4-ad34-4dcecdef795f","System","5580","6176","Mays_Family","S-1-5-19","5/22/2024 6:44:17 AM",,,"System","System.UInt32[]","System.Diagnostics.Eventing.Reader.EventBookmark","Information","CreateUrlGroup","HTTP Configuration Property Trace Task","System.Collections.ObjectModel.ReadOnlyCollection`1[System.String]","System.Collections.Generic.List`1[System.Diagnostics.Eventing.Reader.EventProperty]"
"Create URL group 0xFE0000072000000D. Status 0x0. Process Id 0x15CC Executable path \Device\HarddiskVolume3\Windows\System32\svchost.exe, User S-1-5-19","111","0",,"4","5","125","4611686018427387968","88013","Microsoft-Windows-HttpService","dd5ef90a-6398-47a4-ad34-4dcecdef795f","System","5580","6176","Mays_Family","S-1-5-19","5/22/2024 6:43:54 AM",,,"System","System.UInt32[]","System.Diagnostics.Eventing.Reader.EventBookmark","Information","CreateUrlGroup","HTTP Configuration Property Trace Task","System.Collections.ObjectModel.ReadOnlyCollection`1[System.String]","System.Collections.Generic.List`1[System.Diagnostics.Eventing.Reader.EventProperty]"
"Create URL group 0xFE0000022000000E. Status 0x0. Process Id 0x15CC Executable path \Device\HarddiskVolume3\Windows\System32\svchost.exe, User S-1-5-19","111","0",,"4","5","125","4611686018427387968","87996","Microsoft-Windows-HttpService","dd5ef90a-6398-47a4-ad34-4dcecdef795f","System","5580","6176","Mays_Family","S-1-5-19","5/21/2024 7:40:25 PM",,,"System","System.UInt32[]","System.Diagnostics.Eventing.Reader.EventBookmark","Information","CreateUrlGroup","HTTP Configuration Property Trace Task","System.Collections.ObjectModel.ReadOnlyCollection`1[System.String]","System.Collections.Generic.List`1[System.Diagnostics.Eventing.Reader.EventProperty]"
"Create URL group 0xFE00000820000018. Status 0x0. Process Id 0x15CC Executable path \Device\HarddiskVolume3\Windows\System32\svchost.exe, User S-1-5-19","111","0",,"4","5","125","4611686018427387968","87946","Microsoft-Windows-HttpService","dd5ef90a-6398-47a4-ad34-4dcecdef795f","System","5580","6176","Mays_Family","S-1-5-19","5/21/2024 6:53:46 AM",,,"System","System.UInt32[]","System.Diagnostics.Eventing.Reader.EventBookmark","Information","CreateUrlGroup","HTTP Configuration Property Trace Task","System.Collections.ObjectModel.ReadOnlyCollection`1[System.String]","System.Collections.Generic.List`1[System.Diagnostics.Eventing.Reader.EventProperty]"
"Create URL group 0xFE00000820000017. Status 0x0. Process Id 0x15CC Executable path \Device\HarddiskVolume3\Windows\System32\svchost.exe, User S-1-5-19","111","0",,"4","5","125","4611686018427387968","87940","Microsoft-Windows-HttpService","dd5ef90a-6398-47a4-ad34-4dcecdef795f","System","5580","6176","Mays_Family","S-1-5-19","5/21/2024 6:52:45 AM",,,"System","System.UInt32[]","System.Diagnostics.Eventing.Reader.EventBookmark","Information","CreateUrlGroup","HTTP Configuration Property Trace Task","System.Collections.ObjectModel.ReadOnlyCollection`1[System.String]","System.Collections.Generic.List`1[System.Diagnostics.Eventing.Reader.EventProperty]"
