"Create URL group 0xFE00000620000001. Status 0x0. Process Id 0x1694 Executable path \Device\HarddiskVolume3\Windows\System32\svchost.exe, User S-1-5-19","111","0",,"4","5","125","4611686018427387968","97654","Microsoft-Windows-HttpService","dd5ef90a-6398-47a4-ad34-4dcecdef795f","System","5780","6548","Mays_Family","S-1-5-19","7/8/2024 4:42:26 PM",,,"System","System.UInt32[]","System.Diagnostics.Eventing.Reader.EventBookmark","Information","CreateUrlGroup","HTTP Configuration Property Trace Task","System.Collections.ObjectModel.ReadOnlyCollection`1[System.String]","System.Collections.Generic.List`1[System.Diagnostics.Eventing.Reader.EventProperty]"
"Create URL group 0xFE00000320000003. Status 0x0. Process Id 0x1694 Executable path \Device\HarddiskVolume3\Windows\System32\svchost.exe, User S-1-5-19","111","0",,"4","5","125","4611686018427387968","97633","Microsoft-Windows-HttpService","dd5ef90a-6398-47a4-ad34-4dcecdef795f","System","5780","6548","Mays_Family","S-1-5-19","7/8/2024 2:50:03 PM",,,"System","System.UInt32[]","System.Diagnostics.Eventing.Reader.EventBookmark","Information","CreateUrlGroup","HTTP Configuration Property Trace Task","System.Collections.ObjectModel.ReadOnlyCollection`1[System.String]","System.Collections.Generic.List`1[System.Diagnostics.Eventing.Reader.EventProperty]"
"Create URL group 0xFE00000120000005. Status 0x0. Process Id 0x1694 Executable path \Device\HarddiskVolume3\Windows\System32\svchost.exe, User S-1-5-19","111","0",,"4","5","125","4611686018427387968","97625","Microsoft-Windows-HttpService","dd5ef90a-6398-47a4-ad34-4dcecdef795f","System","5780","6548","Mays_Family","S-1-5-19","7/8/2024 2:49:03 PM",,,"System","System.UInt32[]","System.Diagnostics.Eventing.Reader.EventBookmark","Information","CreateUrlGroup","HTTP Configuration Property Trace Task","System.Collections.ObjectModel.ReadOnlyCollection`1[System.String]","System.Collections.Generic.List`1[System.Diagnostics.Eventing.Reader.EventProperty]"
"Create URL group 0xFE00000020000008. Status 0x0. Process Id 0x1694 Executable path \Device\HarddiskVolume3\Windows\System32\svchost.exe, User S-1-5-19","111","0",,"4","5","125","4611686018427387968","97621","Microsoft-Windows-HttpService","dd5ef90a-6398-47a4-ad34-4dcecdef795f","System","5780","6548","Mays_Family","S-1-5-19","7/8/2024 2:49:03 PM",,,"System","System.UInt32[]","System.Diagnostics.Eventing.Reader.EventBookmark","Information","CreateUrlGroup","HTTP Configuration Property Trace Task","System.Collections.ObjectModel.ReadOnlyCollection`1[System.String]","System.Collections.Generic.List`1[System.Diagnostics.Eventing.Reader.EventProperty]"
"Create URL group 0xFE00000020000007. Status 0x0. Process Id 0x1694 Executable path \Device\HarddiskVolume3\Windows\System32\svchost.exe, User S-1-5-19","111","0",,"4","5","125","4611686018427387968","97617","Microsoft-Windows-HttpService","dd5ef90a-6398-47a4-ad34-4dcecdef795f","System","5780","6548","Mays_Family","S-1-5-19","7/8/2024 2:49:02 PM",,,"System","System.UInt32[]","System.Diagnostics.Eventing.Reader.EventBookmark","Information","CreateUrlGroup","HTTP Configuration Property Trace Task","System.Collections.ObjectModel.ReadOnlyCollection`1[System.String]","System.Collections.Generic.List`1[System.Diagnostics.Eventing.Reader.EventProperty]"
"Create URL group 0xFE00000120000004. Status 0x0. Process Id 0x1694 Executable path \Device\HarddiskVolume3\Windows\System32\svchost.exe, User S-1-5-19","111","0",,"4","5","125","4611686018427387968","97603","Microsoft-Windows-HttpService","dd5ef90a-6398-47a4-ad34-4dcecdef795f","System","5780","6548","Mays_Family","S-1-5-19","7/8/2024 2:38:49 PM",,,"System","System.UInt32[]","System.Diagnostics.Eventing.Reader.EventBookmark","Information","CreateUrlGroup","HTTP Configuration Property Trace Task","System.Collections.ObjectModel.ReadOnlyCollection`1[System.String]","System.Collections.Generic.List`1[System.Diagnostics.Eventing.Reader.EventProperty]"
"Create URL group 0xFE00000120000003. Status 0x0. Process Id 0x1694 Executable path \Device\HarddiskVolume3\Windows\System32\svchost.exe, User S-1-5-19","111","0",,"4","5","125","4611686018427387968","97599","Microsoft-Windows-HttpService","dd5ef90a-6398-47a4-ad34-4dcecdef795f","System","5780","6548","Mays_Family","S-1-5-19","7/8/2024 2:38:48 PM",,,"System","System.UInt32[]","System.Diagnostics.Eventing.Reader.EventBookmark","Information","CreateUrlGroup","HTTP Configuration Property Trace Task","System.Collections.ObjectModel.ReadOnlyCollection`1[System.String]","System.Collections.Generic.List`1[System.Diagnostics.Eventing.Reader.EventProperty]"
"Create URL group 0xFE00000020000006. Status 0x0. Process Id 0x1694 Executable path \Device\HarddiskVolume3\Windows\System32\svchost.exe, User S-1-5-19","111","0",,"4","5","125","4611686018427387968","97584","Microsoft-Windows-HttpService","dd5ef90a-6398-47a4-ad34-4dcecdef795f","System","5780","6548","Mays_Family","S-1-5-19","7/8/2024 10:46:08 AM",,,"System","System.UInt32[]","System.Diagnostics.Eventing.Reader.EventBookmark","Information","CreateUrlGroup","HTTP Configuration Property Trace Task","System.Collections.ObjectModel.ReadOnlyCollection`1[System.String]","System.Collections.Generic.List`1[System.Diagnostics.Eventing.Reader.EventProperty]"
"Create URL group 0xFE00000220000003. Status 0x0. Process Id 0x1694 Executable path \Device\HarddiskVolume3\Windows\System32\svchost.exe, User S-1-5-19","111","0",,"4","5","125","4611686018427387968","97552","Microsoft-Windows-HttpService","dd5ef90a-6398-47a4-ad34-4dcecdef795f","System","5780","6548","Mays_Family","S-1-5-19","7/8/2024 8:57:29 AM",,,"System","System.UInt32[]","System.Diagnostics.Eventing.Reader.EventBookmark","Information","CreateUrlGroup","HTTP Configuration Property Trace Task","System.Collections.ObjectModel.ReadOnlyCollection`1[System.String]","System.Collections.Generic.List`1[System.Diagnostics.Eventing.Reader.EventProperty]"
"Create URL group 0xFE00000020000004. Status 0x0. Process Id 0x1694 Executable path \Device\HarddiskVolume3\Windows\System32\svchost.exe, User S-1-5-19","111","0",,"4","5","125","4611686018427387968","97548","Microsoft-Windows-HttpService","dd5ef90a-6398-47a4-ad34-4dcecdef795f","System","5780","6548","Mays_Family","S-1-5-19","7/8/2024 8:56:29 AM",,,"System","System.UInt32[]","System.Diagnostics.Eventing.Reader.EventBookmark","Information","CreateUrlGroup","HTTP Configuration Property Trace Task","System.Collections.ObjectModel.ReadOnlyCollection`1[System.String]","System.Collections.Generic.List`1[System.Diagnostics.Eventing.Reader.EventProperty]"
"Create URL group 0xFE00000820000006. Status 0x0. Process Id 0x1694 Executable path \Device\HarddiskVolume3\Windows\System32\svchost.exe, User S-1-5-19","111","0",,"4","5","125","4611686018427387968","97544","Microsoft-Windows-HttpService","dd5ef90a-6398-47a4-ad34-4dcecdef795f","System","5780","6548","Mays_Family","S-1-5-19","7/8/2024 8:56:28 AM",,,"System","System.UInt32[]","System.Diagnostics.Eventing.Reader.EventBookmark","Information","CreateUrlGroup","HTTP Configuration Property Trace Task","System.Collections.ObjectModel.ReadOnlyCollection`1[System.String]","System.Collections.Generic.List`1[System.Diagnostics.Eventing.Reader.EventProperty]"
"Create URL group 0xFE00000A20000004. Status 0x0. Process Id 0x1694 Executable path \Device\HarddiskVolume3\Windows\System32\svchost.exe, User S-1-5-19","111","0",,"4","5","125","4611686018427387968","97517","Microsoft-Windows-HttpService","dd5ef90a-6398-47a4-ad34-4dcecdef795f","System","5780","6548","Mays_Family","S-1-5-19","7/8/2024 5:41:13 AM",,,"System","System.UInt32[]","System.Diagnostics.Eventing.Reader.EventBookmark","Information","CreateUrlGroup","HTTP Configuration Property Trace Task","System.Collections.ObjectModel.ReadOnlyCollection`1[System.String]","System.Collections.Generic.List`1[System.Diagnostics.Eventing.Reader.EventProperty]"
"Create URL group 0xFE00000920000002. Status 0x0. Process Id 0x1694 Executable path \Device\HarddiskVolume3\Windows\System32\svchost.exe, User S-1-5-19","111","0",,"4","5","125","4611686018427387968","97512","Microsoft-Windows-HttpService","dd5ef90a-6398-47a4-ad34-4dcecdef795f","System","5780","6548","Mays_Family","S-1-5-19","7/8/2024 5:40:13 AM",,,"System","System.UInt32[]","System.Diagnostics.Eventing.Reader.EventBookmark","Information","CreateUrlGroup","HTTP Configuration Property Trace Task","System.Collections.ObjectModel.ReadOnlyCollection`1[System.String]","System.Collections.Generic.List`1[System.Diagnostics.Eventing.Reader.EventProperty]"
"Create URL group 0xFE00000820000005. Status 0x0. Process Id 0x1694 Executable path \Device\HarddiskVolume3\Windows\System32\svchost.exe, User S-1-5-19","111","0",,"4","5","125","4611686018427387968","97508","Microsoft-Windows-HttpService","dd5ef90a-6398-47a4-ad34-4dcecdef795f","System","5780","6548","Mays_Family","S-1-5-19","7/8/2024 5:40:13 AM",,,"System","System.UInt32[]","System.Diagnostics.Eventing.Reader.EventBookmark","Information","CreateUrlGroup","HTTP Configuration Property Trace Task","System.Collections.ObjectModel.ReadOnlyCollection`1[System.String]","System.Collections.Generic.List`1[System.Diagnostics.Eventing.Reader.EventProperty]"
"Create URL group 0xFE00000A20000003. Status 0x0. Process Id 0x1694 Executable path \Device\HarddiskVolume3\Windows\System32\svchost.exe, User S-1-5-19","111","0",,"4","5","125","4611686018427387968","97491","Microsoft-Windows-HttpService","dd5ef90a-6398-47a4-ad34-4dcecdef795f","System","5780","6548","Mays_Family","S-1-5-19","7/8/2024 4:37:17 AM",,,"System","System.UInt32[]","System.Diagnostics.Eventing.Reader.EventBookmark","Information","CreateUrlGroup","HTTP Configuration Property Trace Task","System.Collections.ObjectModel.ReadOnlyCollection`1[System.String]","System.Collections.Generic.List`1[System.Diagnostics.Eventing.Reader.EventProperty]"
"Create URL group 0xFE00000420000003. Status 0x0. Process Id 0x1694 Executable path \Device\HarddiskVolume3\Windows\System32\svchost.exe, User S-1-5-19","111","0",,"4","5","125","4611686018427387968","97487","Microsoft-Windows-HttpService","dd5ef90a-6398-47a4-ad34-4dcecdef795f","System","5780","6548","Mays_Family","S-1-5-19","7/8/2024 4:37:16 AM",,,"System","System.UInt32[]","System.Diagnostics.Eventing.Reader.EventBookmark","Information","CreateUrlGroup","HTTP Configuration Property Trace Task","System.Collections.ObjectModel.ReadOnlyCollection`1[System.String]","System.Collections.Generic.List`1[System.Diagnostics.Eventing.Reader.EventProperty]"
"Create URL group 0xFE00000720000002. Status 0x0. Process Id 0x1694 Executable path \Device\HarddiskVolume3\Windows\System32\svchost.exe, User S-1-5-19","111","0",,"4","5","125","4611686018427387968","97483","Microsoft-Windows-HttpService","dd5ef90a-6398-47a4-ad34-4dcecdef795f","System","5780","6548","Mays_Family","S-1-5-19","7/8/2024 4:36:54 AM",,,"System","System.UInt32[]","System.Diagnostics.Eventing.Reader.EventBookmark","Information","CreateUrlGroup","HTTP Configuration Property Trace Task","System.Collections.ObjectModel.ReadOnlyCollection`1[System.String]","System.Collections.Generic.List`1[System.Diagnostics.Eventing.Reader.EventProperty]"
"Create URL group 0xFE00000420000002. Status 0x0. Process Id 0x1694 Executable path \Device\HarddiskVolume3\Windows\System32\svchost.exe, User S-1-5-19","111","0",,"4","5","125","4611686018427387968","97475","Microsoft-Windows-HttpService","dd5ef90a-6398-47a4-ad34-4dcecdef795f","System","5780","6548","Mays_Family","S-1-5-19","7/8/2024 4:00:49 AM",,,"System","System.UInt32[]","System.Diagnostics.Eventing.Reader.EventBookmark","Information","CreateUrlGroup","HTTP Configuration Property Trace Task","System.Collections.ObjectModel.ReadOnlyCollection`1[System.String]","System.Collections.Generic.List`1[System.Diagnostics.Eventing.Reader.EventProperty]"
"Create URL group 0xFE00000920000001. Status 0x0. Process Id 0x1694 Executable path \Device\HarddiskVolume3\Windows\System32\svchost.exe, User S-1-5-19","111","0",,"4","5","125","4611686018427387968","97469","Microsoft-Windows-HttpService","dd5ef90a-6398-47a4-ad34-4dcecdef795f","System","5780","6548","Mays_Family","S-1-5-19","7/8/2024 4:00:27 AM",,,"System","System.UInt32[]","System.Diagnostics.Eventing.Reader.EventBookmark","Information","CreateUrlGroup","HTTP Configuration Property Trace Task","System.Collections.ObjectModel.ReadOnlyCollection`1[System.String]","System.Collections.Generic.List`1[System.Diagnostics.Eventing.Reader.EventProperty]"
"Create URL group 0xFE00000A20000002. Status 0x0. Process Id 0x1694 Executable path \Device\HarddiskVolume3\Windows\System32\svchost.exe, User S-1-5-19","111","0",,"4","5","125","4611686018427387968","97461","Microsoft-Windows-HttpService","dd5ef90a-6398-47a4-ad34-4dcecdef795f","System","5780","6548","Mays_Family","S-1-5-19","7/8/2024 3:00:02 AM",,,"System","System.UInt32[]","System.Diagnostics.Eventing.Reader.EventBookmark","Information","CreateUrlGroup","HTTP Configuration Property Trace Task","System.Collections.ObjectModel.ReadOnlyCollection`1[System.String]","System.Collections.Generic.List`1[System.Diagnostics.Eventing.Reader.EventProperty]"
"Create URL group 0xFE00000020000003. Status 0x0. Process Id 0x1694 Executable path \Device\HarddiskVolume3\Windows\System32\svchost.exe, User S-1-5-19","111","0",,"4","5","125","4611686018427387968","97444","Microsoft-Windows-HttpService","dd5ef90a-6398-47a4-ad34-4dcecdef795f","System","5780","6548","Mays_Family","S-1-5-19","7/7/2024 10:08:04 PM",,,"System","System.UInt32[]","System.Diagnostics.Eventing.Reader.EventBookmark","Information","CreateUrlGroup","HTTP Configuration Property Trace Task","System.Collections.ObjectModel.ReadOnlyCollection`1[System.String]","System.Collections.Generic.List`1[System.Diagnostics.Eventing.Reader.EventProperty]"
"Create URL group 0xFE00000820000004. Status 0x0. Process Id 0x1694 Executable path \Device\HarddiskVolume3\Windows\System32\svchost.exe, User S-1-5-19","111","0",,"4","5","125","4611686018427387968","97432","Microsoft-Windows-HttpService","dd5ef90a-6398-47a4-ad34-4dcecdef795f","System","5780","6548","Mays_Family","S-1-5-19","7/7/2024 10:07:15 PM",,,"System","System.UInt32[]","System.Diagnostics.Eventing.Reader.EventBookmark","Information","CreateUrlGroup","HTTP Configuration Property Trace Task","System.Collections.ObjectModel.ReadOnlyCollection`1[System.String]","System.Collections.Generic.List`1[System.Diagnostics.Eventing.Reader.EventProperty]"
"Create URL group 0xFE00000B20000002. Status 0x0. Process Id 0x1334 Executable path \Device\HarddiskVolume3\Windows\System32\spoolsv.exe, User S-1-5-18","111","0",,"4","5","125","4611686018427387968","97430","Microsoft-Windows-HttpService","dd5ef90a-6398-47a4-ad34-4dcecdef795f","System","4916","3276","Mays_Family","S-1-5-18","7/7/2024 10:07:04 PM",,,"System","System.UInt32[]","System.Diagnostics.Eventing.Reader.EventBookmark","Information","CreateUrlGroup","HTTP Configuration Property Trace Task","System.Collections.ObjectModel.ReadOnlyCollection`1[System.String]","System.Collections.Generic.List`1[System.Diagnostics.Eventing.Reader.EventProperty]"
"Create URL group 0xFE00000B20000001. Status 0x0. Process Id 0x1694 Executable path \Device\HarddiskVolume3\Windows\System32\svchost.exe, User S-1-5-19","111","0",,"4","5","125","4611686018427387968","97394","Microsoft-Windows-HttpService","dd5ef90a-6398-47a4-ad34-4dcecdef795f","System","5780","6548","Mays_Family","S-1-5-19","7/7/2024 8:33:58 PM",,,"System","System.UInt32[]","System.Diagnostics.Eventing.Reader.EventBookmark","Information","CreateUrlGroup","HTTP Configuration Property Trace Task","System.Collections.ObjectModel.ReadOnlyCollection`1[System.String]","System.Collections.Generic.List`1[System.Diagnostics.Eventing.Reader.EventProperty]"
"Create URL group 0xFC00000520000001. Status 0x0. Process Id 0x1694 Executable path \Device\HarddiskVolume3\Windows\System32\svchost.exe, User S-1-5-19","111","0",,"4","5","125","4611686018427387968","97390","Microsoft-Windows-HttpService","dd5ef90a-6398-47a4-ad34-4dcecdef795f","System","5780","6548","Mays_Family","S-1-5-19","7/7/2024 8:33:58 PM",,,"System","System.UInt32[]","System.Diagnostics.Eventing.Reader.EventBookmark","Information","CreateUrlGroup","HTTP Configuration Property Trace Task","System.Collections.ObjectModel.ReadOnlyCollection`1[System.String]","System.Collections.Generic.List`1[System.Diagnostics.Eventing.Reader.EventProperty]"
"Create URL group 0xFE00000520000001. Status 0x0. Process Id 0x1334 Executable path \Device\HarddiskVolume3\Windows\System32\spoolsv.exe, User S-1-5-18","111","0",,"4","5","125","4611686018427387968","97388","Microsoft-Windows-HttpService","dd5ef90a-6398-47a4-ad34-4dcecdef795f","System","4916","17912","Mays_Family","S-1-5-18","7/7/2024 8:33:40 PM",,,"System","System.UInt32[]","System.Diagnostics.Eventing.Reader.EventBookmark","Information","CreateUrlGroup","HTTP Configuration Property Trace Task","System.Collections.ObjectModel.ReadOnlyCollection`1[System.String]","System.Collections.Generic.List`1[System.Diagnostics.Eventing.Reader.EventProperty]"
"Create URL group 0xFE00000220000002. Status 0x0. Process Id 0x1694 Executable path \Device\HarddiskVolume3\Windows\System32\svchost.exe, User S-1-5-19","111","0",,"4","5","125","4611686018427387968","97353","Microsoft-Windows-HttpService","dd5ef90a-6398-47a4-ad34-4dcecdef795f","System","5780","6548","Mays_Family","S-1-5-19","7/7/2024 11:52:05 AM",,,"System","System.UInt32[]","System.Diagnostics.Eventing.Reader.EventBookmark","Information","CreateUrlGroup","HTTP Configuration Property Trace Task","System.Collections.ObjectModel.ReadOnlyCollection`1[System.String]","System.Collections.Generic.List`1[System.Diagnostics.Eventing.Reader.EventProperty]"
"Create URL group 0xFE00000820000002. Status 0x0. Process Id 0x1334 Executable path \Device\HarddiskVolume3\Windows\System32\spoolsv.exe, User S-1-5-18","111","0",,"4","5","125","4611686018427387968","97349","Microsoft-Windows-HttpService","dd5ef90a-6398-47a4-ad34-4dcecdef795f","System","4916","2560","Mays_Family","S-1-5-18","7/7/2024 11:52:05 AM",,,"System","System.UInt32[]","System.Diagnostics.Eventing.Reader.EventBookmark","Information","CreateUrlGroup","HTTP Configuration Property Trace Task","System.Collections.ObjectModel.ReadOnlyCollection`1[System.String]","System.Collections.Generic.List`1[System.Diagnostics.Eventing.Reader.EventProperty]"
"Create URL group 0xFE00000220000001. Status 0x0. Process Id 0x1694 Executable path \Device\HarddiskVolume3\Windows\System32\svchost.exe, User S-1-5-19","111","0",,"4","5","125","4611686018427387968","97343","Microsoft-Windows-HttpService","dd5ef90a-6398-47a4-ad34-4dcecdef795f","System","5780","6548","Mays_Family","S-1-5-19","7/7/2024 11:51:05 AM",,,"System","System.UInt32[]","System.Diagnostics.Eventing.Reader.EventBookmark","Information","CreateUrlGroup","HTTP Configuration Property Trace Task","System.Collections.ObjectModel.ReadOnlyCollection`1[System.String]","System.Collections.Generic.List`1[System.Diagnostics.Eventing.Reader.EventProperty]"
"Create URL group 0xFE00000120000002. Status 0x0. Process Id 0x1694 Executable path \Device\HarddiskVolume3\Windows\System32\svchost.exe, User S-1-5-19","111","0",,"4","5","125","4611686018427387968","97339","Microsoft-Windows-HttpService","dd5ef90a-6398-47a4-ad34-4dcecdef795f","System","5780","6548","Mays_Family","S-1-5-19","7/7/2024 11:51:04 AM",,,"System","System.UInt32[]","System.Diagnostics.Eventing.Reader.EventBookmark","Information","CreateUrlGroup","HTTP Configuration Property Trace Task","System.Collections.ObjectModel.ReadOnlyCollection`1[System.String]","System.Collections.Generic.List`1[System.Diagnostics.Eventing.Reader.EventProperty]"
"Create URL group 0xFE00000820000001. Status 0x0. Process Id 0x1334 Executable path \Device\HarddiskVolume3\Windows\System32\spoolsv.exe, User S-1-5-18","111","0",,"4","5","125","4611686018427387968","97336","Microsoft-Windows-HttpService","dd5ef90a-6398-47a4-ad34-4dcecdef795f","System","4916","2560","Mays_Family","S-1-5-18","7/7/2024 11:50:44 AM",,,"System","System.UInt32[]","System.Diagnostics.Eventing.Reader.EventBookmark","Information","CreateUrlGroup","HTTP Configuration Property Trace Task","System.Collections.ObjectModel.ReadOnlyCollection`1[System.String]","System.Collections.Generic.List`1[System.Diagnostics.Eventing.Reader.EventProperty]"
"Create URL group 0xFE00000120000001. Status 0x0. Process Id 0x1694 Executable path \Device\HarddiskVolume3\Windows\System32\svchost.exe, User S-1-5-19","111","0",,"4","5","125","4611686018427387968","97289","Microsoft-Windows-HttpService","dd5ef90a-6398-47a4-ad34-4dcecdef795f","System","5780","6548","Mays_Family","S-1-5-19","7/7/2024 10:34:24 AM",,,"System","System.UInt32[]","System.Diagnostics.Eventing.Reader.EventBookmark","Information","CreateUrlGroup","HTTP Configuration Property Trace Task","System.Collections.ObjectModel.ReadOnlyCollection`1[System.String]","System.Collections.Generic.List`1[System.Diagnostics.Eventing.Reader.EventProperty]"
"Create URL group 0xFF00000B20000001. Status 0x0. Process Id 0x1334 Executable path \Device\HarddiskVolume3\Windows\System32\spoolsv.exe, User S-1-5-18","111","0",,"4","5","125","4611686018427387968","97287","Microsoft-Windows-HttpService","dd5ef90a-6398-47a4-ad34-4dcecdef795f","System","4916","4988","Mays_Family","S-1-5-18","7/7/2024 10:34:24 AM",,,"System","System.UInt32[]","System.Diagnostics.Eventing.Reader.EventBookmark","Information","CreateUrlGroup","HTTP Configuration Property Trace Task","System.Collections.ObjectModel.ReadOnlyCollection`1[System.String]","System.Collections.Generic.List`1[System.Diagnostics.Eventing.Reader.EventProperty]"
"Create URL group 0xFE00000820000006. Status 0x0. Process Id 0x1B60 Executable path \Device\HarddiskVolume3\Windows\System32\svchost.exe, User S-1-5-19","111","0",,"4","5","125","4611686018427387968","97114","Microsoft-Windows-HttpService","dd5ef90a-6398-47a4-ad34-4dcecdef795f","System","7008","7648","Mays_Family","S-1-5-19","7/7/2024 7:16:13 AM",,,"System","System.UInt32[]","System.Diagnostics.Eventing.Reader.EventBookmark","Information","CreateUrlGroup","HTTP Configuration Property Trace Task","System.Collections.ObjectModel.ReadOnlyCollection`1[System.String]","System.Collections.Generic.List`1[System.Diagnostics.Eventing.Reader.EventProperty]"
"Create URL group 0xFE00000B20000005. Status 0x0. Process Id 0x1B60 Executable path \Device\HarddiskVolume3\Windows\System32\svchost.exe, User S-1-5-19","111","0",,"4","5","125","4611686018427387968","97110","Microsoft-Windows-HttpService","dd5ef90a-6398-47a4-ad34-4dcecdef795f","System","7008","7648","Mays_Family","S-1-5-19","7/7/2024 7:15:12 AM",,,"System","System.UInt32[]","System.Diagnostics.Eventing.Reader.EventBookmark","Information","CreateUrlGroup","HTTP Configuration Property Trace Task","System.Collections.ObjectModel.ReadOnlyCollection`1[System.String]","System.Collections.Generic.List`1[System.Diagnostics.Eventing.Reader.EventProperty]"
"Create URL group 0xFE00000A20000005. Status 0x0. Process Id 0x1B60 Executable path \Device\HarddiskVolume3\Windows\System32\svchost.exe, User S-1-5-19","111","0",,"4","5","125","4611686018427387968","97103","Microsoft-Windows-HttpService","dd5ef90a-6398-47a4-ad34-4dcecdef795f","System","7008","7648","Mays_Family","S-1-5-19","7/7/2024 7:13:03 AM",,,"System","System.UInt32[]","System.Diagnostics.Eventing.Reader.EventBookmark","Information","CreateUrlGroup","HTTP Configuration Property Trace Task","System.Collections.ObjectModel.ReadOnlyCollection`1[System.String]","System.Collections.Generic.List`1[System.Diagnostics.Eventing.Reader.EventProperty]"
"Create URL group 0xFE00000920000004. Status 0x0. Process Id 0x1B60 Executable path \Device\HarddiskVolume3\Windows\System32\svchost.exe, User S-1-5-19","111","0",,"4","5","125","4611686018427387968","97090","Microsoft-Windows-HttpService","dd5ef90a-6398-47a4-ad34-4dcecdef795f","System","7008","7648","Mays_Family","S-1-5-19","7/7/2024 5:13:41 AM",,,"System","System.UInt32[]","System.Diagnostics.Eventing.Reader.EventBookmark","Information","CreateUrlGroup","HTTP Configuration Property Trace Task","System.Collections.ObjectModel.ReadOnlyCollection`1[System.String]","System.Collections.Generic.List`1[System.Diagnostics.Eventing.Reader.EventProperty]"
"Create URL group 0xFE00000720000009. Status 0x0. Process Id 0x1B60 Executable path \Device\HarddiskVolume3\Windows\System32\svchost.exe, User S-1-5-19","111","0",,"4","5","125","4611686018427387968","97086","Microsoft-Windows-HttpService","dd5ef90a-6398-47a4-ad34-4dcecdef795f","System","7008","7648","Mays_Family","S-1-5-19","7/7/2024 5:12:41 AM",,,"System","System.UInt32[]","System.Diagnostics.Eventing.Reader.EventBookmark","Information","CreateUrlGroup","HTTP Configuration Property Trace Task","System.Collections.ObjectModel.ReadOnlyCollection`1[System.String]","System.Collections.Generic.List`1[System.Diagnostics.Eventing.Reader.EventProperty]"
"Create URL group 0xFE00000720000008. Status 0x0. Process Id 0x1B60 Executable path \Device\HarddiskVolume3\Windows\System32\svchost.exe, User S-1-5-19","111","0",,"4","5","125","4611686018427387968","97082","Microsoft-Windows-HttpService","dd5ef90a-6398-47a4-ad34-4dcecdef795f","System","7008","7648","Mays_Family","S-1-5-19","7/7/2024 5:12:19 AM",,,"System","System.UInt32[]","System.Diagnostics.Eventing.Reader.EventBookmark","Information","CreateUrlGroup","HTTP Configuration Property Trace Task","System.Collections.ObjectModel.ReadOnlyCollection`1[System.String]","System.Collections.Generic.List`1[System.Diagnostics.Eventing.Reader.EventProperty]"
"Create URL group 0xFE00000720000007. Status 0x0. Process Id 0x1B60 Executable path \Device\HarddiskVolume3\Windows\System32\svchost.exe, User S-1-5-19","111","0",,"4","5","125","4611686018427387968","97062","Microsoft-Windows-HttpService","dd5ef90a-6398-47a4-ad34-4dcecdef795f","System","7008","7648","Mays_Family","S-1-5-19","7/7/2024 3:00:24 AM",,,"System","System.UInt32[]","System.Diagnostics.Eventing.Reader.EventBookmark","Information","CreateUrlGroup","HTTP Configuration Property Trace Task","System.Collections.ObjectModel.ReadOnlyCollection`1[System.String]","System.Collections.Generic.List`1[System.Diagnostics.Eventing.Reader.EventProperty]"
"Create URL group 0xFE00000A20000004. Status 0x0. Process Id 0x1B60 Executable path \Device\HarddiskVolume3\Windows\System32\svchost.exe, User S-1-5-19","111","0",,"4","5","125","4611686018427387968","97057","Microsoft-Windows-HttpService","dd5ef90a-6398-47a4-ad34-4dcecdef795f","System","7008","7648","Mays_Family","S-1-5-19","7/7/2024 3:00:02 AM",,,"System","System.UInt32[]","System.Diagnostics.Eventing.Reader.EventBookmark","Information","CreateUrlGroup","HTTP Configuration Property Trace Task","System.Collections.ObjectModel.ReadOnlyCollection`1[System.String]","System.Collections.Generic.List`1[System.Diagnostics.Eventing.Reader.EventProperty]"
"Create URL group 0xFE00000120000005. Status 0x0. Process Id 0x1B60 Executable path \Device\HarddiskVolume3\Windows\System32\svchost.exe, User S-1-5-19","111","0",,"4","5","125","4611686018427387968","97043","Microsoft-Windows-HttpService","dd5ef90a-6398-47a4-ad34-4dcecdef795f","System","7008","7648","Mays_Family","S-1-5-19","7/6/2024 9:13:41 PM",,,"System","System.UInt32[]","System.Diagnostics.Eventing.Reader.EventBookmark","Information","CreateUrlGroup","HTTP Configuration Property Trace Task","System.Collections.ObjectModel.ReadOnlyCollection`1[System.String]","System.Collections.Generic.List`1[System.Diagnostics.Eventing.Reader.EventProperty]"
"Create URL group 0xFE00000820000005. Status 0x0. Process Id 0x1B60 Executable path \Device\HarddiskVolume3\Windows\System32\svchost.exe, User S-1-5-19","111","0",,"4","5","125","4611686018427387968","97029","Microsoft-Windows-HttpService","dd5ef90a-6398-47a4-ad34-4dcecdef795f","System","7008","7648","Mays_Family","S-1-5-19","7/6/2024 9:13:10 PM",,,"System","System.UInt32[]","System.Diagnostics.Eventing.Reader.EventBookmark","Information","CreateUrlGroup","HTTP Configuration Property Trace Task","System.Collections.ObjectModel.ReadOnlyCollection`1[System.String]","System.Collections.Generic.List`1[System.Diagnostics.Eventing.Reader.EventProperty]"
"Create URL group 0xFE00000820000004. Status 0x0. Process Id 0x1B60 Executable path \Device\HarddiskVolume3\Windows\System32\svchost.exe, User S-1-5-19","111","0",,"4","5","125","4611686018427387968","97025","Microsoft-Windows-HttpService","dd5ef90a-6398-47a4-ad34-4dcecdef795f","System","7008","7648","Mays_Family","S-1-5-19","7/6/2024 9:13:09 PM",,,"System","System.UInt32[]","System.Diagnostics.Eventing.Reader.EventBookmark","Information","CreateUrlGroup","HTTP Configuration Property Trace Task","System.Collections.ObjectModel.ReadOnlyCollection`1[System.String]","System.Collections.Generic.List`1[System.Diagnostics.Eventing.Reader.EventProperty]"
"Create URL group 0xFE00000720000006. Status 0x0. Process Id 0x1B60 Executable path \Device\HarddiskVolume3\Windows\System32\svchost.exe, User S-1-5-19","111","0",,"4","5","125","4611686018427387968","97015","Microsoft-Windows-HttpService","dd5ef90a-6398-47a4-ad34-4dcecdef795f","System","7008","7648","Mays_Family","S-1-5-19","7/6/2024 9:12:41 PM",,,"System","System.UInt32[]","System.Diagnostics.Eventing.Reader.EventBookmark","Information","CreateUrlGroup","HTTP Configuration Property Trace Task","System.Collections.ObjectModel.ReadOnlyCollection`1[System.String]","System.Collections.Generic.List`1[System.Diagnostics.Eventing.Reader.EventProperty]"
"Create URL group 0xFE00000920000003. Status 0x0. Process Id 0x1B60 Executable path \Device\HarddiskVolume3\Windows\System32\svchost.exe, User S-1-5-19","111","0",,"4","5","125","4611686018427387968","97011","Microsoft-Windows-HttpService","dd5ef90a-6398-47a4-ad34-4dcecdef795f","System","7008","7648","Mays_Family","S-1-5-19","7/6/2024 9:12:18 PM",,,"System","System.UInt32[]","System.Diagnostics.Eventing.Reader.EventBookmark","Information","CreateUrlGroup","HTTP Configuration Property Trace Task","System.Collections.ObjectModel.ReadOnlyCollection`1[System.String]","System.Collections.Generic.List`1[System.Diagnostics.Eventing.Reader.EventProperty]"
"Create URL group 0xFE00000920000002. Status 0x0. Process Id 0x1B60 Executable path \Device\HarddiskVolume3\Windows\System32\svchost.exe, User S-1-5-19","111","0",,"4","5","125","4611686018427387968","97007","Microsoft-Windows-HttpService","dd5ef90a-6398-47a4-ad34-4dcecdef795f","System","7008","7648","Mays_Family","S-1-5-19","7/6/2024 9:12:18 PM",,,"System","System.UInt32[]","System.Diagnostics.Eventing.Reader.EventBookmark","Information","CreateUrlGroup","HTTP Configuration Property Trace Task","System.Collections.ObjectModel.ReadOnlyCollection`1[System.String]","System.Collections.Generic.List`1[System.Diagnostics.Eventing.Reader.EventProperty]"
"Create URL group 0xFE00000420000005. Status 0x0. Process Id 0x1B60 Executable path \Device\HarddiskVolume3\Windows\System32\svchost.exe, User S-1-5-19","111","0",,"4","5","125","4611686018427387968","96971","Microsoft-Windows-HttpService","dd5ef90a-6398-47a4-ad34-4dcecdef795f","System","7008","7648","Mays_Family","S-1-5-19","7/6/2024 10:12:53 AM",,,"System","System.UInt32[]","System.Diagnostics.Eventing.Reader.EventBookmark","Information","CreateUrlGroup","HTTP Configuration Property Trace Task","System.Collections.ObjectModel.ReadOnlyCollection`1[System.String]","System.Collections.Generic.List`1[System.Diagnostics.Eventing.Reader.EventProperty]"
"Create URL group 0xFE00000820000003. Status 0x0. Process Id 0x1B60 Executable path \Device\HarddiskVolume3\Windows\System32\svchost.exe, User S-1-5-19","111","0",,"4","5","125","4611686018427387968","96967","Microsoft-Windows-HttpService","dd5ef90a-6398-47a4-ad34-4dcecdef795f","System","7008","7648","Mays_Family","S-1-5-19","7/6/2024 10:11:53 AM",,,"System","System.UInt32[]","System.Diagnostics.Eventing.Reader.EventBookmark","Information","CreateUrlGroup","HTTP Configuration Property Trace Task","System.Collections.ObjectModel.ReadOnlyCollection`1[System.String]","System.Collections.Generic.List`1[System.Diagnostics.Eventing.Reader.EventProperty]"
"Create URL group 0xFE00000720000005. Status 0x0. Process Id 0x1B60 Executable path \Device\HarddiskVolume3\Windows\System32\svchost.exe, User S-1-5-19","111","0",,"4","5","125","4611686018427387968","96963","Microsoft-Windows-HttpService","dd5ef90a-6398-47a4-ad34-4dcecdef795f","System","7008","7648","Mays_Family","S-1-5-19","7/6/2024 10:11:53 AM",,,"System","System.UInt32[]","System.Diagnostics.Eventing.Reader.EventBookmark","Information","CreateUrlGroup","HTTP Configuration Property Trace Task","System.Collections.ObjectModel.ReadOnlyCollection`1[System.String]","System.Collections.Generic.List`1[System.Diagnostics.Eventing.Reader.EventProperty]"
"Create URL group 0xFE00000120000004. Status 0x0. Process Id 0x1B60 Executable path \Device\HarddiskVolume3\Windows\System32\svchost.exe, User S-1-5-19","111","0",,"4","5","125","4611686018427387968","96936","Microsoft-Windows-HttpService","dd5ef90a-6398-47a4-ad34-4dcecdef795f","System","7008","7648","Mays_Family","S-1-5-19","7/6/2024 9:19:15 AM",,,"System","System.UInt32[]","System.Diagnostics.Eventing.Reader.EventBookmark","Information","CreateUrlGroup","HTTP Configuration Property Trace Task","System.Collections.ObjectModel.ReadOnlyCollection`1[System.String]","System.Collections.Generic.List`1[System.Diagnostics.Eventing.Reader.EventProperty]"
"Create URL group 0xFE00000320000007. Status 0x0. Process Id 0x1B60 Executable path \Device\HarddiskVolume3\Windows\System32\svchost.exe, User S-1-5-19","111","0",,"4","5","125","4611686018427387968","96932","Microsoft-Windows-HttpService","dd5ef90a-6398-47a4-ad34-4dcecdef795f","System","7008","7648","Mays_Family","S-1-5-19","7/6/2024 9:18:15 AM",,,"System","System.UInt32[]","System.Diagnostics.Eventing.Reader.EventBookmark","Information","CreateUrlGroup","HTTP Configuration Property Trace Task","System.Collections.ObjectModel.ReadOnlyCollection`1[System.String]","System.Collections.Generic.List`1[System.Diagnostics.Eventing.Reader.EventProperty]"
"Create URL group 0xFE00000320000006. Status 0x0. Process Id 0x1B60 Executable path \Device\HarddiskVolume3\Windows\System32\svchost.exe, User S-1-5-19","111","0",,"4","5","125","4611686018427387968","96928","Microsoft-Windows-HttpService","dd5ef90a-6398-47a4-ad34-4dcecdef795f","System","7008","7648","Mays_Family","S-1-5-19","7/6/2024 9:18:14 AM",,,"System","System.UInt32[]","System.Diagnostics.Eventing.Reader.EventBookmark","Information","CreateUrlGroup","HTTP Configuration Property Trace Task","System.Collections.ObjectModel.ReadOnlyCollection`1[System.String]","System.Collections.Generic.List`1[System.Diagnostics.Eventing.Reader.EventProperty]"
"Create URL group 0xFE00000320000005. Status 0x0. Process Id 0x1B60 Executable path \Device\HarddiskVolume3\Windows\System32\svchost.exe, User S-1-5-19","111","0",,"4","5","125","4611686018427387968","96917","Microsoft-Windows-HttpService","dd5ef90a-6398-47a4-ad34-4dcecdef795f","System","7008","7648","Mays_Family","S-1-5-19","7/6/2024 8:51:58 AM",,,"System","System.UInt32[]","System.Diagnostics.Eventing.Reader.EventBookmark","Information","CreateUrlGroup","HTTP Configuration Property Trace Task","System.Collections.ObjectModel.ReadOnlyCollection`1[System.String]","System.Collections.Generic.List`1[System.Diagnostics.Eventing.Reader.EventProperty]"
"Create URL group 0xFE00000120000003. Status 0x0. Process Id 0x1B60 Executable path \Device\HarddiskVolume3\Windows\System32\svchost.exe, User S-1-5-19","111","0",,"4","5","125","4611686018427387968","96913","Microsoft-Windows-HttpService","dd5ef90a-6398-47a4-ad34-4dcecdef795f","System","7008","7648","Mays_Family","S-1-5-19","7/6/2024 8:50:58 AM",,,"System","System.UInt32[]","System.Diagnostics.Eventing.Reader.EventBookmark","Information","CreateUrlGroup","HTTP Configuration Property Trace Task","System.Collections.ObjectModel.ReadOnlyCollection`1[System.String]","System.Collections.Generic.List`1[System.Diagnostics.Eventing.Reader.EventProperty]"
"Create URL group 0xFE00000120000002. Status 0x0. Process Id 0x1B60 Executable path \Device\HarddiskVolume3\Windows\System32\svchost.exe, User S-1-5-19","111","0",,"4","5","125","4611686018427387968","96909","Microsoft-Windows-HttpService","dd5ef90a-6398-47a4-ad34-4dcecdef795f","System","7008","7648","Mays_Family","S-1-5-19","7/6/2024 8:50:57 AM",,,"System","System.UInt32[]","System.Diagnostics.Eventing.Reader.EventBookmark","Information","CreateUrlGroup","HTTP Configuration Property Trace Task","System.Collections.ObjectModel.ReadOnlyCollection`1[System.String]","System.Collections.Generic.List`1[System.Diagnostics.Eventing.Reader.EventProperty]"
"Create URL group 0xFE00000320000004. Status 0x0. Process Id 0x1B60 Executable path \Device\HarddiskVolume3\Windows\System32\svchost.exe, User S-1-5-19","111","0",,"4","5","125","4611686018427387968","96888","Microsoft-Windows-HttpService","dd5ef90a-6398-47a4-ad34-4dcecdef795f","System","7008","7648","Mays_Family","S-1-5-19","7/6/2024 8:23:44 AM",,,"System","System.UInt32[]","System.Diagnostics.Eventing.Reader.EventBookmark","Information","CreateUrlGroup","HTTP Configuration Property Trace Task","System.Collections.ObjectModel.ReadOnlyCollection`1[System.String]","System.Collections.Generic.List`1[System.Diagnostics.Eventing.Reader.EventProperty]"
"Create URL group 0xFE00000320000003. Status 0x0. Process Id 0x1B60 Executable path \Device\HarddiskVolume3\Windows\System32\svchost.exe, User S-1-5-19","111","0",,"4","5","125","4611686018427387968","96881","Microsoft-Windows-HttpService","dd5ef90a-6398-47a4-ad34-4dcecdef795f","System","7008","7648","Mays_Family","S-1-5-19","7/6/2024 8:22:43 AM",,,"System","System.UInt32[]","System.Diagnostics.Eventing.Reader.EventBookmark","Information","CreateUrlGroup","HTTP Configuration Property Trace Task","System.Collections.ObjectModel.ReadOnlyCollection`1[System.String]","System.Collections.Generic.List`1[System.Diagnostics.Eventing.Reader.EventProperty]"
"Create URL group 0xFE00000220000004. Status 0x0. Process Id 0x1B60 Executable path \Device\HarddiskVolume3\Windows\System32\svchost.exe, User S-1-5-19","111","0",,"4","5","125","4611686018427387968","96877","Microsoft-Windows-HttpService","dd5ef90a-6398-47a4-ad34-4dcecdef795f","System","7008","7648","Mays_Family","S-1-5-19","7/6/2024 8:22:43 AM",,,"System","System.UInt32[]","System.Diagnostics.Eventing.Reader.EventBookmark","Information","CreateUrlGroup","HTTP Configuration Property Trace Task","System.Collections.ObjectModel.ReadOnlyCollection`1[System.String]","System.Collections.Generic.List`1[System.Diagnostics.Eventing.Reader.EventProperty]"
"Create URL group 0xFF00000220000004. Status 0x0. Process Id 0x3620 Executable path \Device\HarddiskVolume3\Program Files\Git\mingw64\bin\git-credential-manager.exe, User S-1-5-21-2732420021-3329298589-245358240-1001","111","0",,"4","5","125","4611686018427387968","96843","Microsoft-Windows-HttpService","dd5ef90a-6398-47a4-ad34-4dcecdef795f","System","13856","14464","Mays_Family","S-1-5-21-2732420021-3329298589-245358240-1001","7/5/2024 10:11:51 PM",,,"System","System.UInt32[]","System.Diagnostics.Eventing.Reader.EventBookmark","Information","CreateUrlGroup","HTTP Configuration Property Trace Task","System.Collections.ObjectModel.ReadOnlyCollection`1[System.String]","System.Collections.Generic.List`1[System.Diagnostics.Eventing.Reader.EventProperty]"
"Create URL group 0xFE00000020000002. Status 0x0. Process Id 0x1B60 Executable path \Device\HarddiskVolume3\Windows\System32\svchost.exe, User S-1-5-19","111","0",,"4","5","125","4611686018427387968","96836","Microsoft-Windows-HttpService","dd5ef90a-6398-47a4-ad34-4dcecdef795f","System","7008","7648","Mays_Family","S-1-5-19","7/5/2024 9:26:02 PM",,,"System","System.UInt32[]","System.Diagnostics.Eventing.Reader.EventBookmark","Information","CreateUrlGroup","HTTP Configuration Property Trace Task","System.Collections.ObjectModel.ReadOnlyCollection`1[System.String]","System.Collections.Generic.List`1[System.Diagnostics.Eventing.Reader.EventProperty]"
"Create URL group 0xFE00000020000001. Status 0x0. Process Id 0x1B60 Executable path \Device\HarddiskVolume3\Windows\System32\svchost.exe, User S-1-5-19","111","0",,"4","5","125","4611686018427387968","96832","Microsoft-Windows-HttpService","dd5ef90a-6398-47a4-ad34-4dcecdef795f","System","7008","7648","Mays_Family","S-1-5-19","7/5/2024 9:25:58 PM",,,"System","System.UInt32[]","System.Diagnostics.Eventing.Reader.EventBookmark","Information","CreateUrlGroup","HTTP Configuration Property Trace Task","System.Collections.ObjectModel.ReadOnlyCollection`1[System.String]","System.Collections.Generic.List`1[System.Diagnostics.Eventing.Reader.EventProperty]"
"Create URL group 0xFE00000B20000003. Status 0x0. Process Id 0x1B60 Executable path \Device\HarddiskVolume3\Windows\System32\svchost.exe, User S-1-5-19","111","0",,"4","5","125","4611686018427387968","96828","Microsoft-Windows-HttpService","dd5ef90a-6398-47a4-ad34-4dcecdef795f","System","7008","7648","Mays_Family","S-1-5-19","7/5/2024 9:25:33 PM",,,"System","System.UInt32[]","System.Diagnostics.Eventing.Reader.EventBookmark","Information","CreateUrlGroup","HTTP Configuration Property Trace Task","System.Collections.ObjectModel.ReadOnlyCollection`1[System.String]","System.Collections.Generic.List`1[System.Diagnostics.Eventing.Reader.EventProperty]"
"Create URL group 0xFE00000920000001. Status 0x0. Process Id 0x1B60 Executable path \Device\HarddiskVolume3\Windows\System32\svchost.exe, User S-1-5-19","111","0",,"4","5","125","4611686018427387968","96807","Microsoft-Windows-HttpService","dd5ef90a-6398-47a4-ad34-4dcecdef795f","System","7008","7648","Mays_Family","S-1-5-19","7/5/2024 8:48:39 PM",,,"System","System.UInt32[]","System.Diagnostics.Eventing.Reader.EventBookmark","Information","CreateUrlGroup","HTTP Configuration Property Trace Task","System.Collections.ObjectModel.ReadOnlyCollection`1[System.String]","System.Collections.Generic.List`1[System.Diagnostics.Eventing.Reader.EventProperty]"
"Create URL group 0xFE00000620000003. Status 0x0. Process Id 0x1B60 Executable path \Device\HarddiskVolume3\Windows\System32\svchost.exe, User S-1-5-19","111","0",,"4","5","125","4611686018427387968","96798","Microsoft-Windows-HttpService","dd5ef90a-6398-47a4-ad34-4dcecdef795f","System","7008","7648","Mays_Family","S-1-5-19","7/5/2024 8:48:08 PM",,,"System","System.UInt32[]","System.Diagnostics.Eventing.Reader.EventBookmark","Information","CreateUrlGroup","HTTP Configuration Property Trace Task","System.Collections.ObjectModel.ReadOnlyCollection`1[System.String]","System.Collections.Generic.List`1[System.Diagnostics.Eventing.Reader.EventProperty]"
"Create URL group 0xFE00000620000002. Status 0x0. Process Id 0x1B60 Executable path \Device\HarddiskVolume3\Windows\System32\svchost.exe, User S-1-5-19","111","0",,"4","5","125","4611686018427387968","96794","Microsoft-Windows-HttpService","dd5ef90a-6398-47a4-ad34-4dcecdef795f","System","7008","7648","Mays_Family","S-1-5-19","7/5/2024 8:48:07 PM",,,"System","System.UInt32[]","System.Diagnostics.Eventing.Reader.EventBookmark","Information","CreateUrlGroup","HTTP Configuration Property Trace Task","System.Collections.ObjectModel.ReadOnlyCollection`1[System.String]","System.Collections.Generic.List`1[System.Diagnostics.Eventing.Reader.EventProperty]"
"Create URL group 0xFE00000420000004. Status 0x0. Process Id 0x1B60 Executable path \Device\HarddiskVolume3\Windows\System32\svchost.exe, User S-1-5-19","111","0",,"4","5","125","4611686018427387968","96774","Microsoft-Windows-HttpService","dd5ef90a-6398-47a4-ad34-4dcecdef795f","System","7008","7648","Mays_Family","S-1-5-19","7/5/2024 6:07:04 AM",,,"System","System.UInt32[]","System.Diagnostics.Eventing.Reader.EventBookmark","Information","CreateUrlGroup","HTTP Configuration Property Trace Task","System.Collections.ObjectModel.ReadOnlyCollection`1[System.String]","System.Collections.Generic.List`1[System.Diagnostics.Eventing.Reader.EventProperty]"
"Create URL group 0xFE00000420000003. Status 0x0. Process Id 0x1B60 Executable path \Device\HarddiskVolume3\Windows\System32\svchost.exe, User S-1-5-19","111","0",,"4","5","125","4611686018427387968","96770","Microsoft-Windows-HttpService","dd5ef90a-6398-47a4-ad34-4dcecdef795f","System","7008","7648","Mays_Family","S-1-5-19","7/5/2024 6:07:03 AM",,,"System","System.UInt32[]","System.Diagnostics.Eventing.Reader.EventBookmark","Information","CreateUrlGroup","HTTP Configuration Property Trace Task","System.Collections.ObjectModel.ReadOnlyCollection`1[System.String]","System.Collections.Generic.List`1[System.Diagnostics.Eventing.Reader.EventProperty]"
"Create URL group 0xFE00000820000002. Status 0x0. Process Id 0x1B60 Executable path \Device\HarddiskVolume3\Windows\System32\svchost.exe, User S-1-5-19","111","0",,"4","5","125","4611686018427387968","96766","Microsoft-Windows-HttpService","dd5ef90a-6398-47a4-ad34-4dcecdef795f","System","7008","7648","Mays_Family","S-1-5-19","7/5/2024 6:06:41 AM",,,"System","System.UInt32[]","System.Diagnostics.Eventing.Reader.EventBookmark","Information","CreateUrlGroup","HTTP Configuration Property Trace Task","System.Collections.ObjectModel.ReadOnlyCollection`1[System.String]","System.Collections.Generic.List`1[System.Diagnostics.Eventing.Reader.EventProperty]"
"Create URL group 0xFE00000820000001. Status 0x0. Process Id 0x1B60 Executable path \Device\HarddiskVolume3\Windows\System32\svchost.exe, User S-1-5-19","111","0",,"4","5","125","4611686018427387968","96752","Microsoft-Windows-HttpService","dd5ef90a-6398-47a4-ad34-4dcecdef795f","System","7008","7648","Mays_Family","S-1-5-19","7/5/2024 5:05:02 AM",,,"System","System.UInt32[]","System.Diagnostics.Eventing.Reader.EventBookmark","Information","CreateUrlGroup","HTTP Configuration Property Trace Task","System.Collections.ObjectModel.ReadOnlyCollection`1[System.String]","System.Collections.Generic.List`1[System.Diagnostics.Eventing.Reader.EventProperty]"
"Create URL group 0xFE00000720000004. Status 0x0. Process Id 0x1B60 Executable path \Device\HarddiskVolume3\Windows\System32\svchost.exe, User S-1-5-19","111","0",,"4","5","125","4611686018427387968","96747","Microsoft-Windows-HttpService","dd5ef90a-6398-47a4-ad34-4dcecdef795f","System","7008","7648","Mays_Family","S-1-5-19","7/5/2024 5:04:41 AM",,,"System","System.UInt32[]","System.Diagnostics.Eventing.Reader.EventBookmark","Information","CreateUrlGroup","HTTP Configuration Property Trace Task","System.Collections.ObjectModel.ReadOnlyCollection`1[System.String]","System.Collections.Generic.List`1[System.Diagnostics.Eventing.Reader.EventProperty]"
"Create URL group 0xFE00000A20000002. Status 0x0. Process Id 0x1B60 Executable path \Device\HarddiskVolume3\Windows\System32\svchost.exe, User S-1-5-19","111","0",,"4","5","125","4611686018427387968","96736","Microsoft-Windows-HttpService","dd5ef90a-6398-47a4-ad34-4dcecdef795f","System","7008","7648","Mays_Family","S-1-5-19","7/5/2024 4:02:03 AM",,,"System","System.UInt32[]","System.Diagnostics.Eventing.Reader.EventBookmark","Information","CreateUrlGroup","HTTP Configuration Property Trace Task","System.Collections.ObjectModel.ReadOnlyCollection`1[System.String]","System.Collections.Generic.List`1[System.Diagnostics.Eventing.Reader.EventProperty]"
"Create URL group 0xFE00000520000002. Status 0x0. Process Id 0x16FC Executable path \Device\HarddiskVolume3\Windows\System32\spoolsv.exe, User S-1-5-18","111","0",,"4","5","125","4611686018427387968","96729","Microsoft-Windows-HttpService","dd5ef90a-6398-47a4-ad34-4dcecdef795f","System","5884","3376","Mays_Family","S-1-5-18","7/5/2024 4:01:42 AM",,,"System","System.UInt32[]","System.Diagnostics.Eventing.Reader.EventBookmark","Information","CreateUrlGroup","HTTP Configuration Property Trace Task","System.Collections.ObjectModel.ReadOnlyCollection`1[System.String]","System.Collections.Generic.List`1[System.Diagnostics.Eventing.Reader.EventProperty]"
"Create URL group 0xFE00000620000001. Status 0x0. Process Id 0x1B60 Executable path \Device\HarddiskVolume3\Windows\System32\svchost.exe, User S-1-5-19","111","0",,"4","5","125","4611686018427387968","96727","Microsoft-Windows-HttpService","dd5ef90a-6398-47a4-ad34-4dcecdef795f","System","7008","7648","Mays_Family","S-1-5-19","7/5/2024 4:01:41 AM",,,"System","System.UInt32[]","System.Diagnostics.Eventing.Reader.EventBookmark","Information","CreateUrlGroup","HTTP Configuration Property Trace Task","System.Collections.ObjectModel.ReadOnlyCollection`1[System.String]","System.Collections.Generic.List`1[System.Diagnostics.Eventing.Reader.EventProperty]"
"Create URL group 0xFE00000720000003. Status 0x0. Process Id 0x1B60 Executable path \Device\HarddiskVolume3\Windows\System32\svchost.exe, User S-1-5-19","111","0",,"4","5","125","4611686018427387968","96715","Microsoft-Windows-HttpService","dd5ef90a-6398-47a4-ad34-4dcecdef795f","System","7008","7648","Mays_Family","S-1-5-19","7/5/2024 3:00:35 AM",,,"System","System.UInt32[]","System.Diagnostics.Eventing.Reader.EventBookmark","Information","CreateUrlGroup","HTTP Configuration Property Trace Task","System.Collections.ObjectModel.ReadOnlyCollection`1[System.String]","System.Collections.Generic.List`1[System.Diagnostics.Eventing.Reader.EventProperty]"
"Create URL group 0xFE00000B20000002. Status 0x0. Process Id 0x16FC Executable path \Device\HarddiskVolume3\Windows\System32\spoolsv.exe, User S-1-5-18","111","0",,"4","5","125","4611686018427387968","96708","Microsoft-Windows-HttpService","dd5ef90a-6398-47a4-ad34-4dcecdef795f","System","5884","21192","Mays_Family","S-1-5-18","7/5/2024 3:00:13 AM",,,"System","System.UInt32[]","System.Diagnostics.Eventing.Reader.EventBookmark","Information","CreateUrlGroup","HTTP Configuration Property Trace Task","System.Collections.ObjectModel.ReadOnlyCollection`1[System.String]","System.Collections.Generic.List`1[System.Diagnostics.Eventing.Reader.EventProperty]"
