"Create URL group 0xFE00000A20000001. Status 0x0. Process Id 0x1B60 Executable path \Device\HarddiskVolume3\Windows\System32\svchost.exe, User S-1-5-19","111","0",,"4","5","125","4611686018427387968","96706","Microsoft-Windows-HttpService","dd5ef90a-6398-47a4-ad34-4dcecdef795f","System","7008","7648","Mays_Family","S-1-5-19","7/5/2024 3:00:13 AM",,,"System","System.UInt32[]","System.Diagnostics.Eventing.Reader.EventBookmark","Information","CreateUrlGroup","HTTP Configuration Property Trace Task","System.Collections.ObjectModel.ReadOnlyCollection`1[System.String]","System.Collections.Generic.List`1[System.Diagnostics.Eventing.Reader.EventProperty]"
"Create URL group 0xFE00000420000002. Status 0x0. Process Id 0x16FC Executable path \Device\HarddiskVolume3\Windows\System32\spoolsv.exe, User S-1-5-18","111","0",,"4","5","125","4611686018427387968","96682","Microsoft-Windows-HttpService","dd5ef90a-6398-47a4-ad34-4dcecdef795f","System","5884","21192","Mays_Family","S-1-5-18","7/4/2024 10:47:26 PM",,,"System","System.UInt32[]","System.Diagnostics.Eventing.Reader.EventBookmark","Information","CreateUrlGroup","HTTP Configuration Property Trace Task","System.Collections.ObjectModel.ReadOnlyCollection`1[System.String]","System.Collections.Generic.List`1[System.Diagnostics.Eventing.Reader.EventProperty]"
"Create URL group 0xFE00000720000002. Status 0x0. Process Id 0x1B60 Executable path \Device\HarddiskVolume3\Windows\System32\svchost.exe, User S-1-5-19","111","0",,"4","5","125","4611686018427387968","96680","Microsoft-Windows-HttpService","dd5ef90a-6398-47a4-ad34-4dcecdef795f","System","7008","7648","Mays_Family","S-1-5-19","7/4/2024 10:47:26 PM",,,"System","System.UInt32[]","System.Diagnostics.Eventing.Reader.EventBookmark","Information","CreateUrlGroup","HTTP Configuration Property Trace Task","System.Collections.ObjectModel.ReadOnlyCollection`1[System.String]","System.Collections.Generic.List`1[System.Diagnostics.Eventing.Reader.EventProperty]"
"Create URL group 0xFE00000220000003. Status 0x0. Process Id 0x1B60 Executable path \Device\HarddiskVolume3\Windows\System32\svchost.exe, User S-1-5-19","111","0",,"4","5","125","4611686018427387968","96670","Microsoft-Windows-HttpService","dd5ef90a-6398-47a4-ad34-4dcecdef795f","System","7008","7648","Mays_Family","S-1-5-19","7/4/2024 10:17:42 PM",,,"System","System.UInt32[]","System.Diagnostics.Eventing.Reader.EventBookmark","Information","CreateUrlGroup","HTTP Configuration Property Trace Task","System.Collections.ObjectModel.ReadOnlyCollection`1[System.String]","System.Collections.Generic.List`1[System.Diagnostics.Eventing.Reader.EventProperty]"
"Create URL group 0xFE00000B20000001. Status 0x0. Process Id 0x16FC Executable path \Device\HarddiskVolume3\Windows\System32\spoolsv.exe, User S-1-5-18","111","0",,"4","5","125","4611686018427387968","96665","Microsoft-Windows-HttpService","dd5ef90a-6398-47a4-ad34-4dcecdef795f","System","5884","19940","Mays_Family","S-1-5-18","7/4/2024 10:17:24 PM",,,"System","System.UInt32[]","System.Diagnostics.Eventing.Reader.EventBookmark","Information","CreateUrlGroup","HTTP Configuration Property Trace Task","System.Collections.ObjectModel.ReadOnlyCollection`1[System.String]","System.Collections.Generic.List`1[System.Diagnostics.Eventing.Reader.EventProperty]"
"Create URL group 0xFE00000520000001. Status 0x0. Process Id 0x16FC Executable path \Device\HarddiskVolume3\Windows\System32\spoolsv.exe, User S-1-5-18","111","0",,"4","5","125","4611686018427387968","96583","Microsoft-Windows-HttpService","dd5ef90a-6398-47a4-ad34-4dcecdef795f","System","5884","15428","Mays_Family","S-1-5-18","7/4/2024 8:59:13 PM",,,"System","System.UInt32[]","System.Diagnostics.Eventing.Reader.EventBookmark","Information","CreateUrlGroup","HTTP Configuration Property Trace Task","System.Collections.ObjectModel.ReadOnlyCollection`1[System.String]","System.Collections.Generic.List`1[System.Diagnostics.Eventing.Reader.EventProperty]"
"Create URL group 0xFE00000720000001. Status 0x0. Process Id 0x1B60 Executable path \Device\HarddiskVolume3\Windows\System32\svchost.exe, User S-1-5-19","111","0",,"4","5","125","4611686018427387968","96568","Microsoft-Windows-HttpService","dd5ef90a-6398-47a4-ad34-4dcecdef795f","System","7008","7648","Mays_Family","S-1-5-19","7/4/2024 8:59:02 PM",,,"System","System.UInt32[]","System.Diagnostics.Eventing.Reader.EventBookmark","Information","CreateUrlGroup","HTTP Configuration Property Trace Task","System.Collections.ObjectModel.ReadOnlyCollection`1[System.String]","System.Collections.Generic.List`1[System.Diagnostics.Eventing.Reader.EventProperty]"
"Create URL group 0xFE00000220000014. Status 0x0. Process Id 0x1868 Executable path \Device\HarddiskVolume3\Windows\System32\svchost.exe, User S-1-5-19","111","0",,"4","5","125","4611686018427387968","96377","Microsoft-Windows-HttpService","dd5ef90a-6398-47a4-ad34-4dcecdef795f","System","6248","6204","Mays_Family","S-1-5-19","7/4/2024 6:47:08 PM",,,"System","System.UInt32[]","System.Diagnostics.Eventing.Reader.EventBookmark","Information","CreateUrlGroup","HTTP Configuration Property Trace Task","System.Collections.ObjectModel.ReadOnlyCollection`1[System.String]","System.Collections.Generic.List`1[System.Diagnostics.Eventing.Reader.EventProperty]"
"Create URL group 0xFE00000120000008. Status 0x0. Process Id 0x1868 Executable path \Device\HarddiskVolume3\Windows\System32\svchost.exe, User S-1-5-19","111","0",,"4","5","125","4611686018427387968","96373","Microsoft-Windows-HttpService","dd5ef90a-6398-47a4-ad34-4dcecdef795f","System","6248","6204","Mays_Family","S-1-5-19","7/4/2024 6:46:06 PM",,,"System","System.UInt32[]","System.Diagnostics.Eventing.Reader.EventBookmark","Information","CreateUrlGroup","HTTP Configuration Property Trace Task","System.Collections.ObjectModel.ReadOnlyCollection`1[System.String]","System.Collections.Generic.List`1[System.Diagnostics.Eventing.Reader.EventProperty]"
"Create URL group 0xFE0000002000000F. Status 0x0. Process Id 0x1868 Executable path \Device\HarddiskVolume3\Windows\System32\svchost.exe, User S-1-5-19","111","0",,"4","5","125","4611686018427387968","96369","Microsoft-Windows-HttpService","dd5ef90a-6398-47a4-ad34-4dcecdef795f","System","6248","6204","Mays_Family","S-1-5-19","7/4/2024 6:46:06 PM",,,"System","System.UInt32[]","System.Diagnostics.Eventing.Reader.EventBookmark","Information","CreateUrlGroup","HTTP Configuration Property Trace Task","System.Collections.ObjectModel.ReadOnlyCollection`1[System.String]","System.Collections.Generic.List`1[System.Diagnostics.Eventing.Reader.EventProperty]"
"Create URL group 0xFE00000820000003. Status 0x0. Process Id 0x1868 Executable path \Device\HarddiskVolume3\Windows\System32\svchost.exe, User S-1-5-19","111","0",,"4","5","125","4611686018427387968","96325","Microsoft-Windows-HttpService","dd5ef90a-6398-47a4-ad34-4dcecdef795f","System","6248","6204","Mays_Family","S-1-5-19","7/4/2024 11:10:38 AM",,,"System","System.UInt32[]","System.Diagnostics.Eventing.Reader.EventBookmark","Information","CreateUrlGroup","HTTP Configuration Property Trace Task","System.Collections.ObjectModel.ReadOnlyCollection`1[System.String]","System.Collections.Generic.List`1[System.Diagnostics.Eventing.Reader.EventProperty]"
"Create URL group 0xFC00000A20000005. Status 0x0. Process Id 0x1868 Executable path \Device\HarddiskVolume3\Windows\System32\svchost.exe, User S-1-5-19","111","0",,"4","5","125","4611686018427387968","96319","Microsoft-Windows-HttpService","dd5ef90a-6398-47a4-ad34-4dcecdef795f","System","6248","6204","Mays_Family","S-1-5-19","7/4/2024 11:09:59 AM",,,"System","System.UInt32[]","System.Diagnostics.Eventing.Reader.EventBookmark","Information","CreateUrlGroup","HTTP Configuration Property Trace Task","System.Collections.ObjectModel.ReadOnlyCollection`1[System.String]","System.Collections.Generic.List`1[System.Diagnostics.Eventing.Reader.EventProperty]"
"Create URL group 0xFE00000B2000001F. Status 0x0. Process Id 0x1868 Executable path \Device\HarddiskVolume3\Windows\System32\svchost.exe, User S-1-5-19","111","0",,"4","5","125","4611686018427387968","96313","Microsoft-Windows-HttpService","dd5ef90a-6398-47a4-ad34-4dcecdef795f","System","6248","6204","Mays_Family","S-1-5-19","7/4/2024 11:09:37 AM",,,"System","System.UInt32[]","System.Diagnostics.Eventing.Reader.EventBookmark","Information","CreateUrlGroup","HTTP Configuration Property Trace Task","System.Collections.ObjectModel.ReadOnlyCollection`1[System.String]","System.Collections.Generic.List`1[System.Diagnostics.Eventing.Reader.EventProperty]"
"Create URL group 0xFC0000082000001D. Status 0x0. Process Id 0x1868 Executable path \Device\HarddiskVolume3\Windows\System32\svchost.exe, User S-1-5-19","111","0",,"4","5","125","4611686018427387968","96277","Microsoft-Windows-HttpService","dd5ef90a-6398-47a4-ad34-4dcecdef795f","System","6248","6204","Mays_Family","S-1-5-19","7/4/2024 7:52:27 AM",,,"System","System.UInt32[]","System.Diagnostics.Eventing.Reader.EventBookmark","Information","CreateUrlGroup","HTTP Configuration Property Trace Task","System.Collections.ObjectModel.ReadOnlyCollection`1[System.String]","System.Collections.Generic.List`1[System.Diagnostics.Eventing.Reader.EventProperty]"
"Create URL group 0xFE00000B2000001E. Status 0x0. Process Id 0x1868 Executable path \Device\HarddiskVolume3\Windows\System32\svchost.exe, User S-1-5-19","111","0",,"4","5","125","4611686018427387968","96262","Microsoft-Windows-HttpService","dd5ef90a-6398-47a4-ad34-4dcecdef795f","System","6248","6204","Mays_Family","S-1-5-19","7/4/2024 5:33:52 AM",,,"System","System.UInt32[]","System.Diagnostics.Eventing.Reader.EventBookmark","Information","CreateUrlGroup","HTTP Configuration Property Trace Task","System.Collections.ObjectModel.ReadOnlyCollection`1[System.String]","System.Collections.Generic.List`1[System.Diagnostics.Eventing.Reader.EventProperty]"
"Create URL group 0xFE0000072000001A. Status 0x0. Process Id 0x1868 Executable path \Device\HarddiskVolume3\Windows\System32\svchost.exe, User S-1-5-19","111","0",,"4","5","125","4611686018427387968","96258","Microsoft-Windows-HttpService","dd5ef90a-6398-47a4-ad34-4dcecdef795f","System","6248","6204","Mays_Family","S-1-5-19","7/4/2024 5:33:15 AM",,,"System","System.UInt32[]","System.Diagnostics.Eventing.Reader.EventBookmark","Information","CreateUrlGroup","HTTP Configuration Property Trace Task","System.Collections.ObjectModel.ReadOnlyCollection`1[System.String]","System.Collections.Generic.List`1[System.Diagnostics.Eventing.Reader.EventProperty]"
"Create URL group 0xFE00000920000024. Status 0x0. Process Id 0x1868 Executable path \Device\HarddiskVolume3\Windows\System32\svchost.exe, User S-1-5-19","111","0",,"4","5","125","4611686018427387968","96254","Microsoft-Windows-HttpService","dd5ef90a-6398-47a4-ad34-4dcecdef795f","System","6248","6204","Mays_Family","S-1-5-19","7/4/2024 5:32:52 AM",,,"System","System.UInt32[]","System.Diagnostics.Eventing.Reader.EventBookmark","Information","CreateUrlGroup","HTTP Configuration Property Trace Task","System.Collections.ObjectModel.ReadOnlyCollection`1[System.String]","System.Collections.Generic.List`1[System.Diagnostics.Eventing.Reader.EventProperty]"
"Create URL group 0xFC00000A20000004. Status 0x0. Process Id 0x1868 Executable path \Device\HarddiskVolume3\Windows\System32\svchost.exe, User S-1-5-19","111","0",,"4","5","125","4611686018427387968","96221","Microsoft-Windows-HttpService","dd5ef90a-6398-47a4-ad34-4dcecdef795f","System","6248","6204","Mays_Family","S-1-5-19","7/4/2024 3:01:04 AM",,,"System","System.UInt32[]","System.Diagnostics.Eventing.Reader.EventBookmark","Information","CreateUrlGroup","HTTP Configuration Property Trace Task","System.Collections.ObjectModel.ReadOnlyCollection`1[System.String]","System.Collections.Generic.List`1[System.Diagnostics.Eventing.Reader.EventProperty]"
"Create URL group 0xFC00000A20000003. Status 0x0. Process Id 0x1868 Executable path \Device\HarddiskVolume3\Windows\System32\svchost.exe, User S-1-5-19","111","0",,"4","5","125","4611686018427387968","96180","Microsoft-Windows-HttpService","dd5ef90a-6398-47a4-ad34-4dcecdef795f","System","6248","6204","Mays_Family","S-1-5-19","7/3/2024 10:49:01 PM",,,"System","System.UInt32[]","System.Diagnostics.Eventing.Reader.EventBookmark","Information","CreateUrlGroup","HTTP Configuration Property Trace Task","System.Collections.ObjectModel.ReadOnlyCollection`1[System.String]","System.Collections.Generic.List`1[System.Diagnostics.Eventing.Reader.EventProperty]"
"Create URL group 0xFE00000420000013. Status 0x0. Process Id 0x1868 Executable path \Device\HarddiskVolume3\Windows\System32\svchost.exe, User S-1-5-19","111","0",,"4","5","125","4611686018427387968","96171","Microsoft-Windows-HttpService","dd5ef90a-6398-47a4-ad34-4dcecdef795f","System","6248","6204","Mays_Family","S-1-5-19","7/3/2024 10:48:00 PM",,,"System","System.UInt32[]","System.Diagnostics.Eventing.Reader.EventBookmark","Information","CreateUrlGroup","HTTP Configuration Property Trace Task","System.Collections.ObjectModel.ReadOnlyCollection`1[System.String]","System.Collections.Generic.List`1[System.Diagnostics.Eventing.Reader.EventProperty]"
"Create URL group 0xFC0000082000001C. Status 0x0. Process Id 0x1868 Executable path \Device\HarddiskVolume3\Windows\System32\svchost.exe, User S-1-5-19","111","0",,"4","5","125","4611686018427387968","96167","Microsoft-Windows-HttpService","dd5ef90a-6398-47a4-ad34-4dcecdef795f","System","6248","6204","Mays_Family","S-1-5-19","7/3/2024 10:47:59 PM",,,"System","System.UInt32[]","System.Diagnostics.Eventing.Reader.EventBookmark","Information","CreateUrlGroup","HTTP Configuration Property Trace Task","System.Collections.ObjectModel.ReadOnlyCollection`1[System.String]","System.Collections.Generic.List`1[System.Diagnostics.Eventing.Reader.EventProperty]"
"Create URL group 0xFC0000082000001B. Status 0x0. Process Id 0x1868 Executable path \Device\HarddiskVolume3\Windows\System32\svchost.exe, User S-1-5-19","111","0",,"4","5","125","4611686018427387968","96063","Microsoft-Windows-HttpService","dd5ef90a-6398-47a4-ad34-4dcecdef795f","System","6248","6204","Mays_Family","S-1-5-19","7/3/2024 10:18:58 PM",,,"System","System.UInt32[]","System.Diagnostics.Eventing.Reader.EventBookmark","Information","CreateUrlGroup","HTTP Configuration Property Trace Task","System.Collections.ObjectModel.ReadOnlyCollection`1[System.String]","System.Collections.Generic.List`1[System.Diagnostics.Eventing.Reader.EventProperty]"
"Create URL group 0xFC00000A20000002. Status 0x0. Process Id 0x1868 Executable path \Device\HarddiskVolume3\Windows\System32\svchost.exe, User S-1-5-19","111","0",,"4","5","125","4611686018427387968","96032","Microsoft-Windows-HttpService","dd5ef90a-6398-47a4-ad34-4dcecdef795f","System","6248","6204","Mays_Family","S-1-5-19","7/2/2024 5:42:57 AM",,,"System","System.UInt32[]","System.Diagnostics.Eventing.Reader.EventBookmark","Information","CreateUrlGroup","HTTP Configuration Property Trace Task","System.Collections.ObjectModel.ReadOnlyCollection`1[System.String]","System.Collections.Generic.List`1[System.Diagnostics.Eventing.Reader.EventProperty]"
"Create URL group 0xFE00000920000023. Status 0x0. Process Id 0x1868 Executable path \Device\HarddiskVolume3\Windows\System32\svchost.exe, User S-1-5-19","111","0",,"4","5","125","4611686018427387968","96025","Microsoft-Windows-HttpService","dd5ef90a-6398-47a4-ad34-4dcecdef795f","System","6248","6204","Mays_Family","S-1-5-19","7/2/2024 5:42:54 AM",,,"System","System.UInt32[]","System.Diagnostics.Eventing.Reader.EventBookmark","Information","CreateUrlGroup","HTTP Configuration Property Trace Task","System.Collections.ObjectModel.ReadOnlyCollection`1[System.String]","System.Collections.Generic.List`1[System.Diagnostics.Eventing.Reader.EventProperty]"
"Create URL group 0xFE0000002000000E. Status 0x0. Process Id 0x1868 Executable path \Device\HarddiskVolume3\Windows\System32\svchost.exe, User S-1-5-19","111","0",,"4","5","125","4611686018427387968","96013","Microsoft-Windows-HttpService","dd5ef90a-6398-47a4-ad34-4dcecdef795f","System","6248","6204","Mays_Family","S-1-5-19","7/1/2024 7:29:52 PM",,,"System","System.UInt32[]","System.Diagnostics.Eventing.Reader.EventBookmark","Information","CreateUrlGroup","HTTP Configuration Property Trace Task","System.Collections.ObjectModel.ReadOnlyCollection`1[System.String]","System.Collections.Generic.List`1[System.Diagnostics.Eventing.Reader.EventProperty]"
"Create URL group 0xFE0000002000000D. Status 0x0. Process Id 0x1868 Executable path \Device\HarddiskVolume3\Windows\System32\svchost.exe, User S-1-5-19","111","0",,"4","5","125","4611686018427387968","96009","Microsoft-Windows-HttpService","dd5ef90a-6398-47a4-ad34-4dcecdef795f","System","6248","6204","Mays_Family","S-1-5-19","7/1/2024 7:28:52 PM",,,"System","System.UInt32[]","System.Diagnostics.Eventing.Reader.EventBookmark","Information","CreateUrlGroup","HTTP Configuration Property Trace Task","System.Collections.ObjectModel.ReadOnlyCollection`1[System.String]","System.Collections.Generic.List`1[System.Diagnostics.Eventing.Reader.EventProperty]"
"Create URL group 0xFE00000220000013. Status 0x0. Process Id 0x1868 Executable path \Device\HarddiskVolume3\Windows\System32\svchost.exe, User S-1-5-19","111","0",,"4","5","125","4611686018427387968","96005","Microsoft-Windows-HttpService","dd5ef90a-6398-47a4-ad34-4dcecdef795f","System","6248","6204","Mays_Family","S-1-5-19","7/1/2024 7:28:50 PM",,,"System","System.UInt32[]","System.Diagnostics.Eventing.Reader.EventBookmark","Information","CreateUrlGroup","HTTP Configuration Property Trace Task","System.Collections.ObjectModel.ReadOnlyCollection`1[System.String]","System.Collections.Generic.List`1[System.Diagnostics.Eventing.Reader.EventProperty]"
"Create URL group 0xFE0000002000000C. Status 0x0. Process Id 0x1868 Executable path \Device\HarddiskVolume3\Windows\System32\svchost.exe, User S-1-5-19","111","0",,"4","5","125","4611686018427387968","96001","Microsoft-Windows-HttpService","dd5ef90a-6398-47a4-ad34-4dcecdef795f","System","6248","6204","Mays_Family","S-1-5-19","7/1/2024 7:28:24 PM",,,"System","System.UInt32[]","System.Diagnostics.Eventing.Reader.EventBookmark","Information","CreateUrlGroup","HTTP Configuration Property Trace Task","System.Collections.ObjectModel.ReadOnlyCollection`1[System.String]","System.Collections.Generic.List`1[System.Diagnostics.Eventing.Reader.EventProperty]"
"Create URL group 0xFE00000920000022. Status 0x0. Process Id 0x1868 Executable path \Device\HarddiskVolume3\Windows\System32\svchost.exe, User S-1-5-19","111","0",,"4","5","125","4611686018427387968","95997","Microsoft-Windows-HttpService","dd5ef90a-6398-47a4-ad34-4dcecdef795f","System","6248","6204","Mays_Family","S-1-5-19","7/1/2024 7:28:23 PM",,,"System","System.UInt32[]","System.Diagnostics.Eventing.Reader.EventBookmark","Information","CreateUrlGroup","HTTP Configuration Property Trace Task","System.Collections.ObjectModel.ReadOnlyCollection`1[System.String]","System.Collections.Generic.List`1[System.Diagnostics.Eventing.Reader.EventProperty]"
"Create URL group 0xFE00000620000012. Status 0x0. Process Id 0x1868 Executable path \Device\HarddiskVolume3\Windows\System32\svchost.exe, User S-1-5-19","111","0",,"4","5","125","4611686018427387968","95993","Microsoft-Windows-HttpService","dd5ef90a-6398-47a4-ad34-4dcecdef795f","System","6248","6204","Mays_Family","S-1-5-19","7/1/2024 7:27:59 PM",,,"System","System.UInt32[]","System.Diagnostics.Eventing.Reader.EventBookmark","Information","CreateUrlGroup","HTTP Configuration Property Trace Task","System.Collections.ObjectModel.ReadOnlyCollection`1[System.String]","System.Collections.Generic.List`1[System.Diagnostics.Eventing.Reader.EventProperty]"
"Create URL group 0xFE0000032000000B. Status 0x0. Process Id 0x1868 Executable path \Device\HarddiskVolume3\Windows\System32\svchost.exe, User S-1-5-19","111","0",,"4","5","125","4611686018427387968","95986","Microsoft-Windows-HttpService","dd5ef90a-6398-47a4-ad34-4dcecdef795f","System","6248","6204","Mays_Family","S-1-5-19","7/1/2024 7:27:17 PM",,,"System","System.UInt32[]","System.Diagnostics.Eventing.Reader.EventBookmark","Information","CreateUrlGroup","HTTP Configuration Property Trace Task","System.Collections.ObjectModel.ReadOnlyCollection`1[System.String]","System.Collections.Generic.List`1[System.Diagnostics.Eventing.Reader.EventProperty]"
"Create URL group 0xFE00000420000012. Status 0x0. Process Id 0x1868 Executable path \Device\HarddiskVolume3\Windows\System32\svchost.exe, User S-1-5-19","111","0",,"4","5","125","4611686018427387968","95950","Microsoft-Windows-HttpService","dd5ef90a-6398-47a4-ad34-4dcecdef795f","System","6248","6204","Mays_Family","S-1-5-19","7/1/2024 4:42:09 PM",,,"System","System.UInt32[]","System.Diagnostics.Eventing.Reader.EventBookmark","Information","CreateUrlGroup","HTTP Configuration Property Trace Task","System.Collections.ObjectModel.ReadOnlyCollection`1[System.String]","System.Collections.Generic.List`1[System.Diagnostics.Eventing.Reader.EventProperty]"
"Create URL group 0xFE0000002000000A. Status 0x0. Process Id 0x1868 Executable path \Device\HarddiskVolume3\Windows\System32\svchost.exe, User S-1-5-19","111","0",,"4","5","125","4611686018427387968","95946","Microsoft-Windows-HttpService","dd5ef90a-6398-47a4-ad34-4dcecdef795f","System","6248","6204","Mays_Family","S-1-5-19","7/1/2024 4:41:08 PM",,,"System","System.UInt32[]","System.Diagnostics.Eventing.Reader.EventBookmark","Information","CreateUrlGroup","HTTP Configuration Property Trace Task","System.Collections.ObjectModel.ReadOnlyCollection`1[System.String]","System.Collections.Generic.List`1[System.Diagnostics.Eventing.Reader.EventProperty]"
"Create URL group 0xFE00000220000012. Status 0x0. Process Id 0x1868 Executable path \Device\HarddiskVolume3\Windows\System32\svchost.exe, User S-1-5-19","111","0",,"4","5","125","4611686018427387968","95942","Microsoft-Windows-HttpService","dd5ef90a-6398-47a4-ad34-4dcecdef795f","System","6248","6204","Mays_Family","S-1-5-19","7/1/2024 4:41:07 PM",,,"System","System.UInt32[]","System.Diagnostics.Eventing.Reader.EventBookmark","Information","CreateUrlGroup","HTTP Configuration Property Trace Task","System.Collections.ObjectModel.ReadOnlyCollection`1[System.String]","System.Collections.Generic.List`1[System.Diagnostics.Eventing.Reader.EventProperty]"
"Create URL group 0xFE00000120000007. Status 0x0. Process Id 0x1868 Executable path \Device\HarddiskVolume3\Windows\System32\svchost.exe, User S-1-5-19","111","0",,"4","5","125","4611686018427387968","95919","Microsoft-Windows-HttpService","dd5ef90a-6398-47a4-ad34-4dcecdef795f","System","6248","6204","Mays_Family","S-1-5-19","7/1/2024 2:04:37 PM",,,"System","System.UInt32[]","System.Diagnostics.Eventing.Reader.EventBookmark","Information","CreateUrlGroup","HTTP Configuration Property Trace Task","System.Collections.ObjectModel.ReadOnlyCollection`1[System.String]","System.Collections.Generic.List`1[System.Diagnostics.Eventing.Reader.EventProperty]"
"Create URL group 0xFE00000220000011. Status 0x0. Process Id 0x1868 Executable path \Device\HarddiskVolume3\Windows\System32\svchost.exe, User S-1-5-19","111","0",,"4","5","125","4611686018427387968","95915","Microsoft-Windows-HttpService","dd5ef90a-6398-47a4-ad34-4dcecdef795f","System","6248","6204","Mays_Family","S-1-5-19","7/1/2024 2:04:36 PM",,,"System","System.UInt32[]","System.Diagnostics.Eventing.Reader.EventBookmark","Information","CreateUrlGroup","HTTP Configuration Property Trace Task","System.Collections.ObjectModel.ReadOnlyCollection`1[System.String]","System.Collections.Generic.List`1[System.Diagnostics.Eventing.Reader.EventProperty]"
"Create URL group 0xFC0000082000001A. Status 0x0. Process Id 0x1868 Executable path \Device\HarddiskVolume3\Windows\System32\svchost.exe, User S-1-5-19","111","0",,"4","5","125","4611686018427387968","95909","Microsoft-Windows-HttpService","dd5ef90a-6398-47a4-ad34-4dcecdef795f","System","6248","6204","Mays_Family","S-1-5-19","7/1/2024 2:04:13 PM",,,"System","System.UInt32[]","System.Diagnostics.Eventing.Reader.EventBookmark","Information","CreateUrlGroup","HTTP Configuration Property Trace Task","System.Collections.ObjectModel.ReadOnlyCollection`1[System.String]","System.Collections.Generic.List`1[System.Diagnostics.Eventing.Reader.EventProperty]"
"Create URL group 0xFE00000720000019. Status 0x0. Process Id 0x1868 Executable path \Device\HarddiskVolume3\Windows\System32\svchost.exe, User S-1-5-19","111","0",,"4","5","125","4611686018427387968","95900","Microsoft-Windows-HttpService","dd5ef90a-6398-47a4-ad34-4dcecdef795f","System","6248","6204","Mays_Family","S-1-5-19","7/1/2024 1:47:48 PM",,,"System","System.UInt32[]","System.Diagnostics.Eventing.Reader.EventBookmark","Information","CreateUrlGroup","HTTP Configuration Property Trace Task","System.Collections.ObjectModel.ReadOnlyCollection`1[System.String]","System.Collections.Generic.List`1[System.Diagnostics.Eventing.Reader.EventProperty]"
"Create URL group 0xFE00000420000011. Status 0x0. Process Id 0x1868 Executable path \Device\HarddiskVolume3\Windows\System32\svchost.exe, User S-1-5-19","111","0",,"4","5","125","4611686018427387968","95861","Microsoft-Windows-HttpService","dd5ef90a-6398-47a4-ad34-4dcecdef795f","System","6248","6204","Mays_Family","S-1-5-19","7/1/2024 9:12:45 AM",,,"System","System.UInt32[]","System.Diagnostics.Eventing.Reader.EventBookmark","Information","CreateUrlGroup","HTTP Configuration Property Trace Task","System.Collections.ObjectModel.ReadOnlyCollection`1[System.String]","System.Collections.Generic.List`1[System.Diagnostics.Eventing.Reader.EventProperty]"
"Create URL group 0xFE00000A20000017. Status 0x0. Process Id 0x1868 Executable path \Device\HarddiskVolume3\Windows\System32\svchost.exe, User S-1-5-19","111","0",,"4","5","125","4611686018427387968","95857","Microsoft-Windows-HttpService","dd5ef90a-6398-47a4-ad34-4dcecdef795f","System","6248","6204","Mays_Family","S-1-5-19","7/1/2024 9:12:44 AM",,,"System","System.UInt32[]","System.Diagnostics.Eventing.Reader.EventBookmark","Information","CreateUrlGroup","HTTP Configuration Property Trace Task","System.Collections.ObjectModel.ReadOnlyCollection`1[System.String]","System.Collections.Generic.List`1[System.Diagnostics.Eventing.Reader.EventProperty]"
"Create URL group 0xFE00000A20000016. Status 0x0. Process Id 0x1868 Executable path \Device\HarddiskVolume3\Windows\System32\svchost.exe, User S-1-5-19","111","0",,"4","5","125","4611686018427387968","95849","Microsoft-Windows-HttpService","dd5ef90a-6398-47a4-ad34-4dcecdef795f","System","6248","6204","Mays_Family","S-1-5-19","7/1/2024 9:12:21 AM",,,"System","System.UInt32[]","System.Diagnostics.Eventing.Reader.EventBookmark","Information","CreateUrlGroup","HTTP Configuration Property Trace Task","System.Collections.ObjectModel.ReadOnlyCollection`1[System.String]","System.Collections.Generic.List`1[System.Diagnostics.Eventing.Reader.EventProperty]"
"Create URL group 0xFE00000020000008. Status 0x0. Process Id 0x1868 Executable path \Device\HarddiskVolume3\Windows\System32\svchost.exe, User S-1-5-19","111","0",,"4","5","125","4611686018427387968","95834","Microsoft-Windows-HttpService","dd5ef90a-6398-47a4-ad34-4dcecdef795f","System","6248","6204","Mays_Family","S-1-5-19","7/1/2024 7:37:39 AM",,,"System","System.UInt32[]","System.Diagnostics.Eventing.Reader.EventBookmark","Information","CreateUrlGroup","HTTP Configuration Property Trace Task","System.Collections.ObjectModel.ReadOnlyCollection`1[System.String]","System.Collections.Generic.List`1[System.Diagnostics.Eventing.Reader.EventProperty]"
"Create URL group 0xFC00000820000019. Status 0x0. Process Id 0x1868 Executable path \Device\HarddiskVolume3\Windows\System32\svchost.exe, User S-1-5-19","111","0",,"4","5","125","4611686018427387968","95820","Microsoft-Windows-HttpService","dd5ef90a-6398-47a4-ad34-4dcecdef795f","System","6248","6204","Mays_Family","S-1-5-19","7/1/2024 5:36:19 AM",,,"System","System.UInt32[]","System.Diagnostics.Eventing.Reader.EventBookmark","Information","CreateUrlGroup","HTTP Configuration Property Trace Task","System.Collections.ObjectModel.ReadOnlyCollection`1[System.String]","System.Collections.Generic.List`1[System.Diagnostics.Eventing.Reader.EventProperty]"
"Create URL group 0xFE00000720000018. Status 0x0. Process Id 0x1868 Executable path \Device\HarddiskVolume3\Windows\System32\svchost.exe, User S-1-5-19","111","0",,"4","5","125","4611686018427387968","95816","Microsoft-Windows-HttpService","dd5ef90a-6398-47a4-ad34-4dcecdef795f","System","6248","6204","Mays_Family","S-1-5-19","7/1/2024 5:35:19 AM",,,"System","System.UInt32[]","System.Diagnostics.Eventing.Reader.EventBookmark","Information","CreateUrlGroup","HTTP Configuration Property Trace Task","System.Collections.ObjectModel.ReadOnlyCollection`1[System.String]","System.Collections.Generic.List`1[System.Diagnostics.Eventing.Reader.EventProperty]"
"Create URL group 0xFE00000B2000001D. Status 0x0. Process Id 0x1868 Executable path \Device\HarddiskVolume3\Windows\System32\svchost.exe, User S-1-5-19","111","0",,"4","5","125","4611686018427387968","95812","Microsoft-Windows-HttpService","dd5ef90a-6398-47a4-ad34-4dcecdef795f","System","6248","6204","Mays_Family","S-1-5-19","7/1/2024 5:35:18 AM",,,"System","System.UInt32[]","System.Diagnostics.Eventing.Reader.EventBookmark","Information","CreateUrlGroup","HTTP Configuration Property Trace Task","System.Collections.ObjectModel.ReadOnlyCollection`1[System.String]","System.Collections.Generic.List`1[System.Diagnostics.Eventing.Reader.EventProperty]"
"Create URL group 0xFE00000420000010. Status 0x0. Process Id 0x1868 Executable path \Device\HarddiskVolume3\Windows\System32\svchost.exe, User S-1-5-19","111","0",,"4","5","125","4611686018427387968","95794","Microsoft-Windows-HttpService","dd5ef90a-6398-47a4-ad34-4dcecdef795f","System","6248","6204","Mays_Family","S-1-5-19","7/1/2024 4:37:40 AM",,,"System","System.UInt32[]","System.Diagnostics.Eventing.Reader.EventBookmark","Information","CreateUrlGroup","HTTP Configuration Property Trace Task","System.Collections.ObjectModel.ReadOnlyCollection`1[System.String]","System.Collections.Generic.List`1[System.Diagnostics.Eventing.Reader.EventProperty]"
"Create URL group 0xFE00000B2000001C. Status 0x0. Process Id 0x1868 Executable path \Device\HarddiskVolume3\Windows\System32\svchost.exe, User S-1-5-19","111","0",,"4","5","125","4611686018427387968","95790","Microsoft-Windows-HttpService","dd5ef90a-6398-47a4-ad34-4dcecdef795f","System","6248","6204","Mays_Family","S-1-5-19","7/1/2024 4:37:39 AM",,,"System","System.UInt32[]","System.Diagnostics.Eventing.Reader.EventBookmark","Information","CreateUrlGroup","HTTP Configuration Property Trace Task","System.Collections.ObjectModel.ReadOnlyCollection`1[System.String]","System.Collections.Generic.List`1[System.Diagnostics.Eventing.Reader.EventProperty]"
"Create URL group 0xFE00000620000011. Status 0x0. Process Id 0x1868 Executable path \Device\HarddiskVolume3\Windows\System32\svchost.exe, User S-1-5-19","111","0",,"4","5","125","4611686018427387968","95786","Microsoft-Windows-HttpService","dd5ef90a-6398-47a4-ad34-4dcecdef795f","System","6248","6204","Mays_Family","S-1-5-19","7/1/2024 4:37:17 AM",,,"System","System.UInt32[]","System.Diagnostics.Eventing.Reader.EventBookmark","Information","CreateUrlGroup","HTTP Configuration Property Trace Task","System.Collections.ObjectModel.ReadOnlyCollection`1[System.String]","System.Collections.Generic.List`1[System.Diagnostics.Eventing.Reader.EventProperty]"
"Create URL group 0xFE00000A20000015. Status 0x0. Process Id 0x1868 Executable path \Device\HarddiskVolume3\Windows\System32\svchost.exe, User S-1-5-19","111","0",,"4","5","125","4611686018427387968","95776","Microsoft-Windows-HttpService","dd5ef90a-6398-47a4-ad34-4dcecdef795f","System","6248","6204","Mays_Family","S-1-5-19","7/1/2024 3:36:52 AM",,,"System","System.UInt32[]","System.Diagnostics.Eventing.Reader.EventBookmark","Information","CreateUrlGroup","HTTP Configuration Property Trace Task","System.Collections.ObjectModel.ReadOnlyCollection`1[System.String]","System.Collections.Generic.List`1[System.Diagnostics.Eventing.Reader.EventProperty]"
"Create URL group 0xFE0000092000001F. Status 0x0. Process Id 0x1868 Executable path \Device\HarddiskVolume3\Windows\System32\svchost.exe, User S-1-5-19","111","0",,"4","5","125","4611686018427387968","95770","Microsoft-Windows-HttpService","dd5ef90a-6398-47a4-ad34-4dcecdef795f","System","6248","6204","Mays_Family","S-1-5-19","7/1/2024 3:35:51 AM",,,"System","System.UInt32[]","System.Diagnostics.Eventing.Reader.EventBookmark","Information","CreateUrlGroup","HTTP Configuration Property Trace Task","System.Collections.ObjectModel.ReadOnlyCollection`1[System.String]","System.Collections.Generic.List`1[System.Diagnostics.Eventing.Reader.EventProperty]"
"Create URL group 0xFE00000A20000014. Status 0x0. Process Id 0x1868 Executable path \Device\HarddiskVolume3\Windows\System32\svchost.exe, User S-1-5-19","111","0",,"4","5","125","4611686018427387968","95762","Microsoft-Windows-HttpService","dd5ef90a-6398-47a4-ad34-4dcecdef795f","System","6248","6204","Mays_Family","S-1-5-19","7/1/2024 3:00:41 AM",,,"System","System.UInt32[]","System.Diagnostics.Eventing.Reader.EventBookmark","Information","CreateUrlGroup","HTTP Configuration Property Trace Task","System.Collections.ObjectModel.ReadOnlyCollection`1[System.String]","System.Collections.Generic.List`1[System.Diagnostics.Eventing.Reader.EventProperty]"
"Create URL group 0xFE00000B2000001B. Status 0x0. Process Id 0x1868 Executable path \Device\HarddiskVolume3\Windows\System32\svchost.exe, User S-1-5-19","111","0",,"4","5","125","4611686018427387968","95757","Microsoft-Windows-HttpService","dd5ef90a-6398-47a4-ad34-4dcecdef795f","System","6248","6204","Mays_Family","S-1-5-19","7/1/2024 3:00:40 AM",,,"System","System.UInt32[]","System.Diagnostics.Eventing.Reader.EventBookmark","Information","CreateUrlGroup","HTTP Configuration Property Trace Task","System.Collections.ObjectModel.ReadOnlyCollection`1[System.String]","System.Collections.Generic.List`1[System.Diagnostics.Eventing.Reader.EventProperty]"
"Create URL group 0xFE00000B2000001A. Status 0x0. Process Id 0x1868 Executable path \Device\HarddiskVolume3\Windows\System32\svchost.exe, User S-1-5-19","111","0",,"4","5","125","4611686018427387968","95726","Microsoft-Windows-HttpService","dd5ef90a-6398-47a4-ad34-4dcecdef795f","System","6248","6204","Mays_Family","S-1-5-19","6/30/2024 9:41:38 PM",,,"System","System.UInt32[]","System.Diagnostics.Eventing.Reader.EventBookmark","Information","CreateUrlGroup","HTTP Configuration Property Trace Task","System.Collections.ObjectModel.ReadOnlyCollection`1[System.String]","System.Collections.Generic.List`1[System.Diagnostics.Eventing.Reader.EventProperty]"
"Create URL group 0xFE0000042000000F. Status 0x0. Process Id 0x1868 Executable path \Device\HarddiskVolume3\Windows\System32\svchost.exe, User S-1-5-19","111","0",,"4","5","125","4611686018427387968","95717","Microsoft-Windows-HttpService","dd5ef90a-6398-47a4-ad34-4dcecdef795f","System","6248","6204","Mays_Family","S-1-5-19","6/30/2024 9:41:17 PM",,,"System","System.UInt32[]","System.Diagnostics.Eventing.Reader.EventBookmark","Information","CreateUrlGroup","HTTP Configuration Property Trace Task","System.Collections.ObjectModel.ReadOnlyCollection`1[System.String]","System.Collections.Generic.List`1[System.Diagnostics.Eventing.Reader.EventProperty]"
"Create URL group 0xFE00000720000017. Status 0x0. Process Id 0x1868 Executable path \Device\HarddiskVolume3\Windows\System32\svchost.exe, User S-1-5-19","111","0",,"4","5","125","4611686018427387968","95709","Microsoft-Windows-HttpService","dd5ef90a-6398-47a4-ad34-4dcecdef795f","System","6248","6204","Mays_Family","S-1-5-19","6/30/2024 9:40:53 PM",,,"System","System.UInt32[]","System.Diagnostics.Eventing.Reader.EventBookmark","Information","CreateUrlGroup","HTTP Configuration Property Trace Task","System.Collections.ObjectModel.ReadOnlyCollection`1[System.String]","System.Collections.Generic.List`1[System.Diagnostics.Eventing.Reader.EventProperty]"
"Create URL group 0xFE00000620000010. Status 0x0. Process Id 0x1868 Executable path \Device\HarddiskVolume3\Windows\System32\svchost.exe, User S-1-5-19","111","0",,"4","5","125","4611686018427387968","95642","Microsoft-Windows-HttpService","dd5ef90a-6398-47a4-ad34-4dcecdef795f","System","6248","6204","Mays_Family","S-1-5-19","6/30/2024 7:30:36 AM",,,"System","System.UInt32[]","System.Diagnostics.Eventing.Reader.EventBookmark","Information","CreateUrlGroup","HTTP Configuration Property Trace Task","System.Collections.ObjectModel.ReadOnlyCollection`1[System.String]","System.Collections.Generic.List`1[System.Diagnostics.Eventing.Reader.EventProperty]"
"Create URL group 0xFE00000B20000019. Status 0x0. Process Id 0x1868 Executable path \Device\HarddiskVolume3\Windows\System32\svchost.exe, User S-1-5-19","111","0",,"4","5","125","4611686018427387968","95625","Microsoft-Windows-HttpService","dd5ef90a-6398-47a4-ad34-4dcecdef795f","System","6248","6204","Mays_Family","S-1-5-19","6/30/2024 5:29:47 AM",,,"System","System.UInt32[]","System.Diagnostics.Eventing.Reader.EventBookmark","Information","CreateUrlGroup","HTTP Configuration Property Trace Task","System.Collections.ObjectModel.ReadOnlyCollection`1[System.String]","System.Collections.Generic.List`1[System.Diagnostics.Eventing.Reader.EventProperty]"
"Create URL group 0xFE00000120000006. Status 0x0. Process Id 0x1868 Executable path \Device\HarddiskVolume3\Windows\System32\svchost.exe, User S-1-5-19","111","0",,"4","5","125","4611686018427387968","95621","Microsoft-Windows-HttpService","dd5ef90a-6398-47a4-ad34-4dcecdef795f","System","6248","6204","Mays_Family","S-1-5-19","6/30/2024 5:28:47 AM",,,"System","System.UInt32[]","System.Diagnostics.Eventing.Reader.EventBookmark","Information","CreateUrlGroup","HTTP Configuration Property Trace Task","System.Collections.ObjectModel.ReadOnlyCollection`1[System.String]","System.Collections.Generic.List`1[System.Diagnostics.Eventing.Reader.EventProperty]"
"Create URL group 0xFC00000820000018. Status 0x0. Process Id 0x1868 Executable path \Device\HarddiskVolume3\Windows\System32\svchost.exe, User S-1-5-19","111","0",,"4","5","125","4611686018427387968","95617","Microsoft-Windows-HttpService","dd5ef90a-6398-47a4-ad34-4dcecdef795f","System","6248","6204","Mays_Family","S-1-5-19","6/30/2024 5:28:25 AM",,,"System","System.UInt32[]","System.Diagnostics.Eventing.Reader.EventBookmark","Information","CreateUrlGroup","HTTP Configuration Property Trace Task","System.Collections.ObjectModel.ReadOnlyCollection`1[System.String]","System.Collections.Generic.List`1[System.Diagnostics.Eventing.Reader.EventProperty]"
"Create URL group 0xFC00000820000017. Status 0x0. Process Id 0x1868 Executable path \Device\HarddiskVolume3\Windows\System32\svchost.exe, User S-1-5-19","111","0",,"4","5","125","4611686018427387968","95599","Microsoft-Windows-HttpService","dd5ef90a-6398-47a4-ad34-4dcecdef795f","System","6248","6204","Mays_Family","S-1-5-19","6/30/2024 3:08:56 AM",,,"System","System.UInt32[]","System.Diagnostics.Eventing.Reader.EventBookmark","Information","CreateUrlGroup","HTTP Configuration Property Trace Task","System.Collections.ObjectModel.ReadOnlyCollection`1[System.String]","System.Collections.Generic.List`1[System.Diagnostics.Eventing.Reader.EventProperty]"
"Create URL group 0xFC00000820000016. Status 0x0. Process Id 0x1868 Executable path \Device\HarddiskVolume3\Windows\System32\svchost.exe, User S-1-5-19","111","0",,"4","5","125","4611686018427387968","95593","Microsoft-Windows-HttpService","dd5ef90a-6398-47a4-ad34-4dcecdef795f","System","6248","6204","Mays_Family","S-1-5-19","6/30/2024 3:00:02 AM",,,"System","System.UInt32[]","System.Diagnostics.Eventing.Reader.EventBookmark","Information","CreateUrlGroup","HTTP Configuration Property Trace Task","System.Collections.ObjectModel.ReadOnlyCollection`1[System.String]","System.Collections.Generic.List`1[System.Diagnostics.Eventing.Reader.EventProperty]"
"Create URL group 0xFC00000820000015. Status 0x0. Process Id 0x1868 Executable path \Device\HarddiskVolume3\Windows\System32\svchost.exe, User S-1-5-19","111","0",,"4","5","125","4611686018427387968","95579","Microsoft-Windows-HttpService","dd5ef90a-6398-47a4-ad34-4dcecdef795f","System","6248","6204","Mays_Family","S-1-5-19","6/29/2024 9:30:05 PM",,,"System","System.UInt32[]","System.Diagnostics.Eventing.Reader.EventBookmark","Information","CreateUrlGroup","HTTP Configuration Property Trace Task","System.Collections.ObjectModel.ReadOnlyCollection`1[System.String]","System.Collections.Generic.List`1[System.Diagnostics.Eventing.Reader.EventProperty]"
"Create URL group 0xFE00000A20000013. Status 0x0. Process Id 0x1868 Executable path \Device\HarddiskVolume3\Windows\System32\svchost.exe, User S-1-5-19","111","0",,"4","5","125","4611686018427387968","95563","Microsoft-Windows-HttpService","dd5ef90a-6398-47a4-ad34-4dcecdef795f","System","6248","6204","Mays_Family","S-1-5-19","6/29/2024 9:29:17 PM",,,"System","System.UInt32[]","System.Diagnostics.Eventing.Reader.EventBookmark","Information","CreateUrlGroup","HTTP Configuration Property Trace Task","System.Collections.ObjectModel.ReadOnlyCollection`1[System.String]","System.Collections.Generic.List`1[System.Diagnostics.Eventing.Reader.EventProperty]"
"Create URL group 0xFC00000B20000002. Status 0x0. Process Id 0x1868 Executable path \Device\HarddiskVolume3\Windows\System32\svchost.exe, User S-1-5-19","111","0",,"4","5","125","4611686018427387968","95559","Microsoft-Windows-HttpService","dd5ef90a-6398-47a4-ad34-4dcecdef795f","System","6248","6204","Mays_Family","S-1-5-19","6/29/2024 9:29:17 PM",,,"System","System.UInt32[]","System.Diagnostics.Eventing.Reader.EventBookmark","Information","CreateUrlGroup","HTTP Configuration Property Trace Task","System.Collections.ObjectModel.ReadOnlyCollection`1[System.String]","System.Collections.Generic.List`1[System.Diagnostics.Eventing.Reader.EventProperty]"
"Create URL group 0xFE00000B20000017. Status 0x0. Process Id 0x1868 Executable path \Device\HarddiskVolume3\Windows\System32\svchost.exe, User S-1-5-19","111","0",,"4","5","125","4611686018427387968","95506","Microsoft-Windows-HttpService","dd5ef90a-6398-47a4-ad34-4dcecdef795f","System","6248","6204","Mays_Family","S-1-5-19","6/29/2024 5:41:32 AM",,,"System","System.UInt32[]","System.Diagnostics.Eventing.Reader.EventBookmark","Information","CreateUrlGroup","HTTP Configuration Property Trace Task","System.Collections.ObjectModel.ReadOnlyCollection`1[System.String]","System.Collections.Generic.List`1[System.Diagnostics.Eventing.Reader.EventProperty]"
"Create URL group 0xFE00000B20000016. Status 0x0. Process Id 0x1868 Executable path \Device\HarddiskVolume3\Windows\System32\svchost.exe, User S-1-5-19","111","0",,"4","5","125","4611686018427387968","95502","Microsoft-Windows-HttpService","dd5ef90a-6398-47a4-ad34-4dcecdef795f","System","6248","6204","Mays_Family","S-1-5-19","6/29/2024 5:41:30 AM",,,"System","System.UInt32[]","System.Diagnostics.Eventing.Reader.EventBookmark","Information","CreateUrlGroup","HTTP Configuration Property Trace Task","System.Collections.ObjectModel.ReadOnlyCollection`1[System.String]","System.Collections.Generic.List`1[System.Diagnostics.Eventing.Reader.EventProperty]"
"Create URL group 0xFC00000820000014. Status 0x0. Process Id 0x1868 Executable path \Device\HarddiskVolume3\Windows\System32\svchost.exe, User S-1-5-19","111","0",,"4","5","125","4611686018427387968","95498","Microsoft-Windows-HttpService","dd5ef90a-6398-47a4-ad34-4dcecdef795f","System","6248","6204","Mays_Family","S-1-5-19","6/29/2024 5:41:05 AM",,,"System","System.UInt32[]","System.Diagnostics.Eventing.Reader.EventBookmark","Information","CreateUrlGroup","HTTP Configuration Property Trace Task","System.Collections.ObjectModel.ReadOnlyCollection`1[System.String]","System.Collections.Generic.List`1[System.Diagnostics.Eventing.Reader.EventProperty]"
"Create URL group 0xFC00000820000013. Status 0x0. Process Id 0x1868 Executable path \Device\HarddiskVolume3\Windows\System32\svchost.exe, User S-1-5-19","111","0",,"4","5","125","4611686018427387968","95465","Microsoft-Windows-HttpService","dd5ef90a-6398-47a4-ad34-4dcecdef795f","System","6248","6204","Mays_Family","S-1-5-19","6/29/2024 4:40:11 AM",,,"System","System.UInt32[]","System.Diagnostics.Eventing.Reader.EventBookmark","Information","CreateUrlGroup","HTTP Configuration Property Trace Task","System.Collections.ObjectModel.ReadOnlyCollection`1[System.String]","System.Collections.Generic.List`1[System.Diagnostics.Eventing.Reader.EventProperty]"
"Create URL group 0xFC00000820000012. Status 0x0. Process Id 0x1868 Executable path \Device\HarddiskVolume3\Windows\System32\svchost.exe, User S-1-5-19","111","0",,"4","5","125","4611686018427387968","95461","Microsoft-Windows-HttpService","dd5ef90a-6398-47a4-ad34-4dcecdef795f","System","6248","6204","Mays_Family","S-1-5-19","6/29/2024 4:40:10 AM",,,"System","System.UInt32[]","System.Diagnostics.Eventing.Reader.EventBookmark","Information","CreateUrlGroup","HTTP Configuration Property Trace Task","System.Collections.ObjectModel.ReadOnlyCollection`1[System.String]","System.Collections.Generic.List`1[System.Diagnostics.Eventing.Reader.EventProperty]"
"Create URL group 0xFE0000092000001E. Status 0x0. Process Id 0x1868 Executable path \Device\HarddiskVolume3\Windows\System32\svchost.exe, User S-1-5-19","111","0",,"4","5","125","4611686018427387968","95457","Microsoft-Windows-HttpService","dd5ef90a-6398-47a4-ad34-4dcecdef795f","System","6248","6204","Mays_Family","S-1-5-19","6/29/2024 4:39:48 AM",,,"System","System.UInt32[]","System.Diagnostics.Eventing.Reader.EventBookmark","Information","CreateUrlGroup","HTTP Configuration Property Trace Task","System.Collections.ObjectModel.ReadOnlyCollection`1[System.String]","System.Collections.Generic.List`1[System.Diagnostics.Eventing.Reader.EventProperty]"
"Create URL group 0xFE0000042000000E. Status 0x0. Process Id 0x1868 Executable path \Device\HarddiskVolume3\Windows\System32\svchost.exe, User S-1-5-19","111","0",,"4","5","125","4611686018427387968","95449","Microsoft-Windows-HttpService","dd5ef90a-6398-47a4-ad34-4dcecdef795f","System","6248","6204","Mays_Family","S-1-5-19","6/29/2024 3:38:27 AM",,,"System","System.UInt32[]","System.Diagnostics.Eventing.Reader.EventBookmark","Information","CreateUrlGroup","HTTP Configuration Property Trace Task","System.Collections.ObjectModel.ReadOnlyCollection`1[System.String]","System.Collections.Generic.List`1[System.Diagnostics.Eventing.Reader.EventProperty]"
"Create URL group 0xFE00000A20000012. Status 0x0. Process Id 0x1868 Executable path \Device\HarddiskVolume3\Windows\System32\svchost.exe, User S-1-5-19","111","0",,"4","5","125","4611686018427387968","95438","Microsoft-Windows-HttpService","dd5ef90a-6398-47a4-ad34-4dcecdef795f","System","6248","6204","Mays_Family","S-1-5-19","6/29/2024 3:01:42 AM",,,"System","System.UInt32[]","System.Diagnostics.Eventing.Reader.EventBookmark","Information","CreateUrlGroup","HTTP Configuration Property Trace Task","System.Collections.ObjectModel.ReadOnlyCollection`1[System.String]","System.Collections.Generic.List`1[System.Diagnostics.Eventing.Reader.EventProperty]"
"Create URL group 0xFE0000032000000A. Status 0x0. Process Id 0x1868 Executable path \Device\HarddiskVolume3\Windows\System32\svchost.exe, User S-1-5-19","111","0",,"4","5","125","4611686018427387968","95383","Microsoft-Windows-HttpService","dd5ef90a-6398-47a4-ad34-4dcecdef795f","System","6248","6204","Mays_Family","S-1-5-19","6/28/2024 9:21:38 PM",,,"System","System.UInt32[]","System.Diagnostics.Eventing.Reader.EventBookmark","Information","CreateUrlGroup","HTTP Configuration Property Trace Task","System.Collections.ObjectModel.ReadOnlyCollection`1[System.String]","System.Collections.Generic.List`1[System.Diagnostics.Eventing.Reader.EventProperty]"
"Create URL group 0xFE0000042000000D. Status 0x0. Process Id 0x1868 Executable path \Device\HarddiskVolume3\Windows\System32\svchost.exe, User S-1-5-19","111","0",,"4","5","125","4611686018427387968","95379","Microsoft-Windows-HttpService","dd5ef90a-6398-47a4-ad34-4dcecdef795f","System","6248","6204","Mays_Family","S-1-5-19","6/28/2024 9:20:39 PM",,,"System","System.UInt32[]","System.Diagnostics.Eventing.Reader.EventBookmark","Information","CreateUrlGroup","HTTP Configuration Property Trace Task","System.Collections.ObjectModel.ReadOnlyCollection`1[System.String]","System.Collections.Generic.List`1[System.Diagnostics.Eventing.Reader.EventProperty]"
"Create URL group 0xFE0000092000001D. Status 0x0. Process Id 0x1868 Executable path \Device\HarddiskVolume3\Windows\System32\svchost.exe, User S-1-5-19","111","0",,"4","5","125","4611686018427387968","95375","Microsoft-Windows-HttpService","dd5ef90a-6398-47a4-ad34-4dcecdef795f","System","6248","6204","Mays_Family","S-1-5-19","6/28/2024 9:20:37 PM",,,"System","System.UInt32[]","System.Diagnostics.Eventing.Reader.EventBookmark","Information","CreateUrlGroup","HTTP Configuration Property Trace Task","System.Collections.ObjectModel.ReadOnlyCollection`1[System.String]","System.Collections.Generic.List`1[System.Diagnostics.Eventing.Reader.EventProperty]"
"Create URL group 0xFE0000052000000D. Status 0x0. Process Id 0x1868 Executable path \Device\HarddiskVolume3\Windows\System32\svchost.exe, User S-1-5-19","111","0",,"4","5","125","4611686018427387968","95358","Microsoft-Windows-HttpService","dd5ef90a-6398-47a4-ad34-4dcecdef795f","System","6248","6204","Mays_Family","S-1-5-19","6/28/2024 4:35:00 PM",,,"System","System.UInt32[]","System.Diagnostics.Eventing.Reader.EventBookmark","Information","CreateUrlGroup","HTTP Configuration Property Trace Task","System.Collections.ObjectModel.ReadOnlyCollection`1[System.String]","System.Collections.Generic.List`1[System.Diagnostics.Eventing.Reader.EventProperty]"
